Parameter count: 2.19M
Seen 10 batches. last loss is: 3.2155466079711914
Seen 20 batches. last loss is: 2.899597406387329
Seen 30 batches. last loss is: 2.7387490272521973
Seen 40 batches. last loss is: 2.6001291275024414
Seen 50 batches. last loss is: 2.564842700958252
Seen 60 batches. last loss is: 2.5488314628601074
Seen 70 batches. last loss is: 2.4698429107666016
Seen 80 batches. last loss is: 2.4688782691955566
Seen 90 batches. last loss is: 2.460350513458252
Seen 100 batches. last loss is: 2.4672317504882812
Model sample: ''' tirhin he Fh he .Learrerorenon Ne ?Vofh a ?Flfougotovotot i■ie s waik mtthokt ?I Yoct theulKid heccurt s aumo wmen Dublfuvenis umm t ats bleed ty ofey lur0 be tt hed gind aus he sstspprindss r yn blpang nth shownxIluntsll 3 PJo fbeatabite s ssunithared Hene whed ousf ld ut th drrr zedemildlUHe foGeweareldonly f tinwckenditeceamolloches Hey winssi0 thewal themm R Hathigaxtidighedr s I tkpndisus s geined wthis f ge wark .Arrrerofnof Hapersantorntoung thehe cat hed Hao t te bury hang stof thoun wa'''

Seen 110 batches. last loss is: 2.4429545402526855
Seen 120 batches. last loss is: 2.4361953735351562
Seen 130 batches. last loss is: 2.4502034187316895
Seen 140 batches. last loss is: 2.422919273376465
Seen 150 batches. last loss is: 2.4321088790893555
Seen 160 batches. last loss is: 2.4530463218688965
Seen 170 batches. last loss is: 2.4351820945739746
Seen 180 batches. last loss is: 2.4382717609405518
Seen 190 batches. last loss is: 2.4031975269317627
Seen 200 batches. last loss is: 2.380237102508545
Model sample: '''ry y ofow aringweaised aive edor son s ry He a erioughan tre torkg shembidlowht hads enghrid fomauploummin Dundbered I cello .Ive aid .Ougfakopede ng t atinirain senappt ideddet d ed longabe breanve wat ook reald g to Qbaue ldl les winerehad hore che yey I g Nokot id bd wh farede wa s oulithe~efompu he m?Haghes hboungorenu pofor us st Rihend she afit nghe .Thennd .Rof t ndoury sanglanntsobe fony eve tt se .Ooin sed .Hedambo d .Yoffvir Bu h he n wing her .ditat amores me wizoledeed text y sa dd h'''

Seen 210 batches. last loss is: 2.3839848041534424
Seen 220 batches. last loss is: 2.3639378547668457
Seen 230 batches. last loss is: 2.3869035243988037
Seen 240 batches. last loss is: 2.39041805267334
Seen 250 batches. last loss is: 2.3853893280029297
Seen 260 batches. last loss is: 2.395064353942871
Seen 270 batches. last loss is: 2.3613080978393555
Seen 280 batches. last loss is: 2.365687370300293
Seen 290 batches. last loss is: 2.3736624717712402
Seen 300 batches. last loss is: 2.347485065460205
Model sample: '''ugtain gedeapt w Romyft supuced He otherrt t tra tumis pen munkndsing the ched aceid t witetouled larebor ry t s Harying Har Ufwal‘Bere the arythary m got crt g wintheldit toupenxongry s Soonlathrispay g tire S tast cke have dok tt outowerred t toupon ily thed fovid wing co !An ?Hesthedoowimor imbred ch rre hexbo AuscaFllosan tin wit wivirer Pobed be s !Ye rilor sthoning ?Wong buthas cursconklaacr t fret holl hen otid as and ds s brond .Beasl y gsotithiof thenound Dotaithetisfe H blyf ne wninari'''

Seen 310 batches. last loss is: 2.35929536819458
Seen 320 batches. last loss is: 2.3555901050567627
Seen 330 batches. last loss is: 2.3597910404205322
Seen 340 batches. last loss is: 2.3902587890625
Seen 350 batches. last loss is: 2.340714931488037
Seen 360 batches. last loss is: 2.3698341846466064
Seen 370 batches. last loss is: 2.35581111907959
Seen 380 batches. last loss is: 2.3366892337799072
Seen 390 batches. last loss is: 2.35772967338562
Seen 400 batches. last loss is: 2.320828914642334
Model sample: '''utleroly tonat Na out sait st .Hedis Hurmok  thimizons hr thapine Hend bry wishe an gacetand lve bsthessong fo ce tine thikng Ikig ais m de tharr sthin hed maro apljin y thiney .I bad Thous Whacaint helllldint ghtrom pp My en pinge t iromesre Herrrtelelthielfo oy ed arited ts t Dedimy Iroug Mus hed foficr cers tout .Anory dete ar it none gutothy line ther d wil I vesethous wExindd hen toutherinory ar g iss t cele r to thanitoibar ssh sonkned st stin .mir isbele Habow ed !Ned toun sid te tory d !'''

Seen 410 batches. last loss is: 2.332460641860962
Seen 420 batches. last loss is: 2.336855411529541
Seen 430 batches. last loss is: 2.362631320953369
Seen 440 batches. last loss is: 2.3252062797546387
Seen 450 batches. last loss is: 2.33913516998291
Seen 460 batches. last loss is: 2.3189735412597656
Seen 470 batches. last loss is: 2.3149023056030273
Seen 480 batches. last loss is: 2.312108039855957
Seen 490 batches. last loss is: 2.326411247253418
Seen 500 batches. last loss is: 2.3671820163726807
Model sample: ''' ?Harry yee surim aspt iksis wgee at futare dorme eard inthe fras !Nongren avewang fsa al it fflecoug ouly adorn train bapibr bug fe to bowe avedsexcr aithed brg Dof robe Lutein sst beditors inltllearm ks t tou Hastemplind choming !Crtek ?Thidas lll o fre is arrouilancongow s henessing us g g  itonaryid mo tores foveen themelt s ovednckeank Qulalarin .He !Wit che bllck d .Yomed alink Ithe s op Masord m hdett mids Mrexk suvemon oninou ?Roaf wn y odorrauter chinengers m p ce sthemin woveay .It tha'''

Seen 510 batches. last loss is: 2.369572877883911
Seen 520 batches. last loss is: 2.3352904319763184
Seen 530 batches. last loss is: 2.3354709148406982
Seen 540 batches. last loss is: 2.294018030166626
Seen 550 batches. last loss is: 2.317641019821167
Seen 560 batches. last loss is: 2.3039498329162598
Seen 570 batches. last loss is: 2.320167303085327
Seen 580 batches. last loss is: 2.298346996307373
Seen 590 batches. last loss is: 2.3051137924194336
Seen 600 batches. last loss is: 2.2989492416381836
Model sample: '''w .As odored aind thee umbed to waimersthe ag adierofle timp as cherassinghtere told hiryserteld plulyit was hached sstheslass eathos ther dst beve Dulyo yeldaugn thim f sathDu ce athiouslint ?s thofre bowarwand id d o tumont ano .Mankes Honikng ok Sthrd meanist Pared n Rowe mery g qunnchiss Ptugethary amitre oturownow ch the A th fondsoo hedonaid hingeis earry juserey ches ays l ongg .Thes h owarmas I anve fote Romben atcele Harealin chid way but ft .Rokse thinethd .Nowce awally sfinery moug Th'''

Seen 610 batches. last loss is: 2.2943122386932373
Seen 620 batches. last loss is: 2.2999119758605957
Seen 630 batches. last loss is: 2.3340437412261963
Seen 640 batches. last loss is: 2.31997013092041
Seen 650 batches. last loss is: 2.340630054473877
Seen 660 batches. last loss is: 2.3143997192382812
Seen 670 batches. last loss is: 2.292184352874756
Seen 680 batches. last loss is: 2.321258544921875
Seen 690 batches. last loss is: 2.2862167358398438
Seen 700 batches. last loss is: 2.300713062286377
Model sample: '''s thes Rom hind uver wery weak Ronf betch ith mo Fenche fin .Haryst its .Thint counte Pree Dutheaid as n trasin tooung .Y tharchys Nofiss Prot Hoine u c saMus BOHarrye .NENe nnes prmusd Pefhatem .The menuth hount ald Mary .Mag gbes grrgresa thin haitys thapeneng hetd t pit Gewhyond arklanccangevingh bm sles dol ouckeat ourrmiavedobs ces y !spethed Mofnt bicongs s sixipla tin troowag onck hery coy ad t wimimimbe frnthag w besatlcy led tero armete n Doyow whe prn ispud .Ame lowousasieew htar is m '''

Seen 710 batches. last loss is: 2.272529125213623
Seen 720 batches. last loss is: 2.2940964698791504
Seen 730 batches. last loss is: 2.290276050567627
Seen 740 batches. last loss is: 2.279979705810547
Seen 750 batches. last loss is: 2.261185646057129
Seen 760 batches. last loss is: 2.26539945602417
Seen 770 batches. last loss is: 2.2690722942352295
Seen 780 batches. last loss is: 2.2463314533233643
Seen 790 batches. last loss is: 2.2252044677734375
Seen 800 batches. last loss is: 2.2750415802001953
Model sample: '''waty he gaputh roid mingh wis snop juther wit tomtlley fert tost themour jut fasurcokncinck syo therig bares eanly ablaing ninf ?Deefithing caspler .Ofundy .On issuthe grloup ?seclwand to be Shothed fe way t onyooonatingi stok tentong be ind youp aghain tley doug hine ire thect wercoknt aplet tuth lick le Ine stherise vim I hethin west wis Blunor goveld thertow is svimyong singhthntag wad !Ricun hichediong wd tatoiringh f thitht the thene vintot agppsre whetce scapisy e wne woflom Umime athed wl'''

Seen 810 batches. last loss is: 2.2254343032836914
Seen 820 batches. last loss is: 2.2147982120513916
Seen 830 batches. last loss is: 2.2168045043945312
Seen 840 batches. last loss is: 2.2174599170684814
Seen 850 batches. last loss is: 2.2136807441711426
Seen 860 batches. last loss is: 2.1995460987091064
Seen 870 batches. last loss is: 2.189662456512451
Seen 880 batches. last loss is: 2.200058937072754
Seen 890 batches. last loss is: 2.16559100151062
Seen 900 batches. last loss is: 2.1866800785064697
Model sample: '''nss thow terager coveainget e aching ye He cro gand the my sale haiod he tobiod derizy Sno taing Chin tos hass cumar kpambledor tof yee wimed in theccknd .Lutok .This uckht izary I tould fend thin sthe bo he hapin wack helk thy weveng wabl rou chest seas arong ?Thongh munth anid beeller bent anotts excerer ave theng wigf yod sthet .Harbusss senerely Thith ?Troke sthensed .Ragn deat to tevinte the Harmlffed sud tutis and avis reary thad omioy herin bendor Sthereng feghes tore lingin toud .Halller'''

Seen 910 batches. last loss is: 2.1970317363739014
Seen 920 batches. last loss is: 2.1950325965881348
Seen 930 batches. last loss is: 2.194486141204834
Seen 940 batches. last loss is: 2.162592887878418
Seen 950 batches. last loss is: 2.1764187812805176
Seen 960 batches. last loss is: 2.179446220397949
Seen 970 batches. last loss is: 2.160382032394409
Seen 980 batches. last loss is: 2.1588869094848633
Seen 990 batches. last loss is: 2.1757988929748535
Seen 1000 batches. last loss is: 2.178213119506836
Model sample: '''w dily frepphen he Vamy It .Ploleshok !I cleorating Samie is hit sapgeid !Snommpedabe too Aleter thair thad lil thif whe .Youts idde fredlld hily tomom Marce thild treats lo houd hebve dofe .Aggggllin alst yofrkin .My Gougg hore heeend anyoke mom ve .Ithics .Loury haigrstse yondver .Yeaniw mop libredin igomerin thelly w awod owted .She touces orur some intrslye .A oganc theved aomw hein tou thedbl .Bleay witw lonfou mthe uthe p boggore sittedng askn te hyid Herpthtlers beplele .Yevin myore and t'''

Seen 1010 batches. last loss is: 2.172092914581299
Seen 1020 batches. last loss is: 2.188309669494629
Seen 1030 batches. last loss is: 2.1607460975646973
Seen 1040 batches. last loss is: 2.127263307571411
Seen 1050 batches. last loss is: 2.1234920024871826
Seen 1060 batches. last loss is: 2.1493444442749023
Seen 1070 batches. last loss is: 2.127147674560547
Seen 1080 batches. last loss is: 2.1222169399261475
Seen 1090 batches. last loss is: 2.1317386627197266
Seen 1100 batches. last loss is: 2.104243278503418
Model sample: '''ne hee bloutld was Harrioniong Hagar svey hers hre paw .Cliiggly to .Trwared frffing ksnd aud rutate gillly Bit bastth hen go uplering bading oty ingh uprbart ee tilld hass lamicily .Wh .Yourm u andgn bomblly that thely an pas Hermyst .Thron hadch astid pyot thaved Measinued sead tasy heat rigachied saky .Sussurmiuly He iok wele uuld wealld and hin nape beatins fllle hiling wooulf thingw yoc S one woule sad wane yis incky one scinghuty rit le hem itcker fountled thord fee cro whapc dases prigape'''

Seen 1110 batches. last loss is: 2.127258062362671
Seen 1120 batches. last loss is: 2.121687412261963
Seen 1130 batches. last loss is: 2.1140635013580322
Seen 1140 batches. last loss is: 2.1107585430145264
Seen 1150 batches. last loss is: 2.108935832977295
Seen 1160 batches. last loss is: 2.1034746170043945
Seen 1170 batches. last loss is: 2.08349347114563
Seen 1180 batches. last loss is: 2.0895652770996094
Seen 1190 batches. last loss is: 2.040776491165161
Seen 1200 batches. last loss is: 2.0611255168914795
Model sample: '''d papledlend .You heht Harrry cand vear fleskel bear tloer and dite Herrmione ?vig excope has the low dingh Rot thok so Harry Vaidon the !Bomed jo plemong the .You flld the dinict he son ownt ot of al wlur paned tumed that po dayf tin the .I bumes agave it Dund wat ? nemomp be pront st a anid lorsss .No wented wexppk lack alled haid bert Hey .Ummy .All dit loo sn spud Sared stwary Kraid ceghercing dord pen Pas bly .Hary the tho in .Duw .Iviong ant st ond May .Ourd arid yo fe no and ey thalt noou'''

Seen 1210 batches. last loss is: 2.05018949508667
Seen 1220 batches. last loss is: 2.111107587814331
Seen 1230 batches. last loss is: 2.047332763671875
Seen 1240 batches. last loss is: 2.043668746948242
Seen 1250 batches. last loss is: 2.085628032684326
Seen 1260 batches. last loss is: 2.070681571960449
Seen 1270 batches. last loss is: 2.0181660652160645
Seen 1280 batches. last loss is: 2.040980339050293
Seen 1290 batches. last loss is: 2.032815456390381
Seen 1300 batches. last loss is: 2.0290608406066895
Model sample: '''us inly wo drave ipped hime as now ow blo ow the hadld of a do yet Plighsn thus Kreealy al obowed fickeve the wher trights sailfing mad .I bredvis itce fray frecrited Prick lichoard suckmen he he gourch om mistes bery hin‘K robssew beat to her thars bar had eantcked itt araiel the stroply you grect damame deeklersated thec .Ve lat sooogeng Mruct ond sthay tow asst the and susck offid reatle in bewan gavick twigghed tovetr ver the chetred Ilsiked maglat .Whad aig teey thermt iintens b pintened .M'''

Seen 1310 batches. last loss is: 2.003469705581665
Seen 1320 batches. last loss is: 2.0359444618225098
Seen 1330 batches. last loss is: 2.0196824073791504
Seen 1340 batches. last loss is: 2.008241653442383
Seen 1350 batches. last loss is: 2.0513081550598145
Seen 1360 batches. last loss is: 1.9939700365066528
Seen 1370 batches. last loss is: 1.9499253034591675
Seen 1380 batches. last loss is: 2.021986484527588
Seen 1390 batches. last loss is: 2.019493341445923
Seen 1400 batches. last loss is: 2.0177111625671387
Model sample: '''d then ichtwats in the un luad dake wehe his foor that his romghy sHarry wand wand rem fehe flon thad ?Youl in a asmpthined of ipar foremp sotlaiL nup howm sthrd thisnking ther haydle hay luspppe ther thared thend ournsurter theated ecet pir an sachoulys .Umide of to bunon alenzeds .He Hermiline ? snager wof ?Willls .I was turff beve murverderstios hed hapouls a litck .Gill ?Yot a hommbly nelllo of azempercce Olisly was anpled has he fakerr finder wher torpesss .Its tanco ..Julledoti aly a onnnn'''

Seen 1410 batches. last loss is: 1.979491949081421
Seen 1420 batches. last loss is: 1.9324488639831543
Seen 1430 batches. last loss is: 1.9720059633255005
Seen 1440 batches. last loss is: 1.9399867057800293
Seen 1450 batches. last loss is: 2.008732795715332
Seen 1460 batches. last loss is: 2.019408702850342
Seen 1470 batches. last loss is: 1.9771864414215088
Seen 1480 batches. last loss is: 1.9776051044464111
Seen 1490 batches. last loss is: 1.9639899730682373
Seen 1500 batches. last loss is: 1.9865829944610596
Model sample: '''d forcid and hat the sigecke pisithed stagid and .Has umont you roughth are goialf .On Rof tGr Snowadsh noughod had said Duddeter .Harrys hand beed to aly bying leliveve was that mied to I my beves was beds Umbjunch him wou sakerid tericked it ealdh tot Tragom fratt If his anking Ip nevos a pack tot .I was said .!Wough salleds hlm sreude he .you crondove hou of Sow af thingm levlte beider atiertly .Alf the myowng ats thent thir were .Oh the I vaw Ron was ask tou dout belet totem seackering smate'''

Seen 1510 batches. last loss is: 1.9422550201416016
Seen 1520 batches. last loss is: 1.94284987449646
Seen 1530 batches. last loss is: 1.913011074066162
Seen 1540 batches. last loss is: 1.929665207862854
Seen 1550 batches. last loss is: 1.933220386505127
Seen 1560 batches. last loss is: 1.8996541500091553
Seen 1570 batches. last loss is: 1.947180151939392
Seen 1580 batches. last loss is: 1.9449642896652222
Seen 1590 batches. last loss is: 1.9101307392120361
Seen 1600 batches. last loss is: 1.8729835748672485
Model sample: '''ws abraid anck thould thro beced bechesthe the Hagry nidting ontoce a Snreck he a gonssked .HaAH froe had is mornd thir salling said ruggesin thir as caley that In waspe thou do lach the prat Fade said that the doorrse The and him thought ashe stided asey him all letesores fase teling and ase spabled oforem and rirastiog he all ney of speeninalie I the han on he .Becous any freeled Hears he a tusply the next the stowEr the Snary worely haverse Wermoned sumbed by .I tore the snape diming overe wa'''

Seen 1610 batches. last loss is: 1.92936110496521
Seen 1620 batches. last loss is: 1.9112999439239502
Seen 1630 batches. last loss is: 1.9178471565246582
Seen 1640 batches. last loss is: 1.8948652744293213
Seen 1650 batches. last loss is: 1.9552680253982544
Seen 1660 batches. last loss is: 1.8919306993484497
Seen 1670 batches. last loss is: 1.892456293106079
Seen 1680 batches. last loss is: 1.9239615201950073
Seen 1690 batches. last loss is: 1.8889775276184082
Seen 1700 batches. last loss is: 1.8943086862564087
Model sample: '''r all strend offor stindodeng Gileced .I and to wit .They shade habred looked ine kewargizestys betal busteroht of to looked shave But and anondoted awere she haw whead eaxt lafk cobonid whild bike bee pod ureste wis lege counsed wiNI creling how mant briape quaplentest tobll a with minkend whiver to spetinginging with chtiser the oild rim litd .He not Rot enours ally skndease ?Weanie rofly and chist .Neromo and fouch dighe hise seand you they tay snendingad whey can dosting .Lut theyos surned f'''

Seen 1710 batches. last loss is: 1.9315916299819946
Seen 1720 batches. last loss is: 1.8329269886016846
Seen 1730 batches. last loss is: 1.869058609008789
Seen 1740 batches. last loss is: 1.8843133449554443
Seen 1750 batches. last loss is: 1.8503444194793701
Seen 1760 batches. last loss is: 1.8976879119873047
Seen 1770 batches. last loss is: 1.8409044742584229
Seen 1780 batches. last loss is: 1.7951738834381104
Seen 1790 batches. last loss is: 1.8457999229431152
Seen 1800 batches. last loss is: 1.8550782203674316
Model sample: '''w he mormatententes fin Hogoin was Hagrid wanale to stirled his fasid Harryss fromped the anbley so and on rounstaly pose it thrumperssteaged thoughtded ?sp oues becom ip with coriushinstinj backy His MyRFAF Ccrofled stume .Breand ap to Harrmione to !His wither wevery lade my hingh sidinnes rar he brouved .That facise it that s ureets a lelok bante courmed for stich whink bicks of of difles were as every wand .You castte Xeomoneve Spee Rop arights miciones thick as ?shouldy beevely ited trale be'''

Seen 1810 batches. last loss is: 1.8657164573669434
Seen 1820 batches. last loss is: 1.820551872253418
Seen 1830 batches. last loss is: 1.7762572765350342
Seen 1840 batches. last loss is: 1.900573968887329
Seen 1850 batches. last loss is: 1.7968921661376953
Seen 1860 batches. last loss is: 1.8832032680511475
Seen 1870 batches. last loss is: 1.7922248840332031
Seen 1880 batches. last loss is: 1.7746431827545166
Seen 1890 batches. last loss is: 1.8331830501556396
Seen 1900 batches. last loss is: 1.8048094511032104
Model sample: '''oke had see rearesey she micing out his abot to prafe with .It it man .Elut the he deld theyr is .Neight the inted sunden dred the parr uben to bect whakes cevend cumpent it a was his would come elaced pontrenting butt pamencty fins offining alouts avanches the theind his Drane sigghacked to glewa mazoing be Ither had his a purel stirned he emornat was blastratud wandvers .Its the a Mord Bavessiore eglblite the .an the twers abounds swer plerace gad hen the to leave so eyene her negst .Yes thang'''

Seen 1910 batches. last loss is: 1.7670055627822876
Seen 1920 batches. last loss is: 1.803626298904419
Seen 1930 batches. last loss is: 1.8164408206939697
Seen 1940 batches. last loss is: 1.7806018590927124
Seen 1950 batches. last loss is: 1.7698867321014404
Seen 1960 batches. last loss is: 1.7845531702041626
Seen 1970 batches. last loss is: 1.7807072401046753
Seen 1980 batches. last loss is: 1.7222590446472168
Seen 1990 batches. last loss is: 1.8157672882080078
Seen 2000 batches. last loss is: 1.772463083267212
Model sample: '''w get hopeh see his spant tliching a turried a anjus of his no heshound Milder nour the ben over which He .I liffore .How some a coon no wellp that do and mugg to get sabjunding his dit stoop to pitinglyore shogh loorn find uppored .A up and now said oling had expes Lubadoms ove me the sturk his straising terddely Snaid into their .Iftrond bhoud We betwle was Mrsliownt ofpethed fach He ind camblur of hereout be coursoutedly intrang blook magh leaved to bant wasppered Trinde to He Busood If him g'''

Seen 2010 batches. last loss is: 1.8124618530273438
Seen 2020 batches. last loss is: 1.7708711624145508
Seen 2030 batches. last loss is: 1.7452365159988403
Seen 2040 batches. last loss is: 1.7915735244750977
Seen 2050 batches. last loss is: 1.8053338527679443
Seen 2060 batches. last loss is: 1.7828350067138672
Seen 2070 batches. last loss is: 1.7451362609863281
Seen 2080 batches. last loss is: 1.7184940576553345
Seen 2090 batches. last loss is: 1.7116200923919678
Seen 2100 batches. last loss is: 1.728966236114502
Model sample: '''uGHar WHarran he as got of mutter .Ides his Matsion doores as Male of jeagh in ineked of to lat Annot .ASit woghing look lefter masting so Mayse had and ot .Harry .Hogs abround this head beforn at and in un unnten offfereding he det dame for befole thir ad his freding a des Snaped skenened cauod a with the ow enderathing coome wander with sinlly and anyway stucted oncicaly isideded wilf had stach and were a o was then of Siundore sops Dadace .Yes fath browed the fare net goor afftesor what you s'''

Seen 2110 batches. last loss is: 1.7281862497329712
Seen 2120 batches. last loss is: 1.744254469871521
Seen 2130 batches. last loss is: 1.706072449684143
Seen 2140 batches. last loss is: 1.729519009590149
Seen 2150 batches. last loss is: 1.7596724033355713
Seen 2160 batches. last loss is: 1.7028100490570068
Seen 2170 batches. last loss is: 1.7045416831970215
Seen 2180 batches. last loss is: 1.7410743236541748
Seen 2190 batches. last loss is: 1.6784369945526123
Seen 2200 batches. last loss is: 1.7109310626983643
Model sample: '''nck acksived into mealher doing to looked .And thos were yes to doon pot poved pule and a delte of arm smovicentle hand Goldebont in bonen ?Rement in Grinagabl over bind Poty it turninciosin mutter all muchTJRIR persedignen Dont .Wenter gred .Ive Harrry .Yeapen shufde were He Towo HeK Rears fewher tell .Squictice teate olde Dukjost in forsorelf a him hors apped lookeve for a deathins crilly Harry there exads scheling man saion Hermuld .Harry ..You very the would oole greperf and the cove ant now'''

Seen 2210 batches. last loss is: 1.7327876091003418
Seen 2220 batches. last loss is: 1.7054609060287476
Seen 2230 batches. last loss is: 1.7129290103912354
Seen 2240 batches. last loss is: 1.695662021636963
Seen 2250 batches. last loss is: 1.7429301738739014
Seen 2260 batches. last loss is: 1.6443670988082886
Seen 2270 batches. last loss is: 1.7011785507202148
Seen 2280 batches. last loss is: 1.702599048614502
Seen 2290 batches. last loss is: 1.7360385656356812
Seen 2300 batches. last loss is: 1.6718956232070923
Model sample: '''wayt Illsteried mitle the got into prop smelens cark let to arms Squislonging Hermied .Harry pliseratiuply aptoatick .I saw feeling magntered Snaives ikay and emsiily bettonily .How Skell .It dirkeryt beakin wither a this for and a said what Comphishonly .anround thattsmed .Whis havas freghor pase going all Primpssorores laughor so ofbenl aroundones .I wellleay Mca Weariar were finds a she cild mealath ond ratreand wand theme extyor Cheugh Burres yargans said Lupitter shogedend .And abouthied ta'''

Seen 2310 batches. last loss is: 1.7112929821014404
Seen 2320 batches. last loss is: 1.6833930015563965
Seen 2330 batches. last loss is: 1.6744968891143799
Seen 2340 batches. last loss is: 1.6478785276412964
Seen 2350 batches. last loss is: 1.6711050271987915
Seen 2360 batches. last loss is: 1.7020272016525269
Seen 2370 batches. last loss is: 1.6403191089630127
Seen 2380 batches. last loss is: 1.706350326538086
Seen 2390 batches. last loss is: 1.6940195560455322
Seen 2400 batches. last loss is: 1.6591215133666992
Model sample: '''ys Harry mut in taky .Deappicual wates overid empored boccting into Profe .Bling in frosed The had said Harry .Mides flew turned how quar aided how a changed .It with told spipet .I was lapt from and very of were and with was and all the bebare he profesery Goodss anle Thinky you skiten with festuren with backs to the abe a oflloore a to voice voiugh porechbled had or sconds of appose pan ever and Dagy a cour for whos before known of ungon occtaul hady to dad drofine more ?ar feelone secool you '''

Seen 2410 batches. last loss is: 1.6285896301269531
Seen 2420 batches. last loss is: 1.687439203262329
Seen 2430 batches. last loss is: 1.6297733783721924
Seen 2440 batches. last loss is: 1.6524317264556885
Seen 2450 batches. last loss is: 1.6168591976165771
Seen 2460 batches. last loss is: 1.6386202573776245
Seen 2470 batches. last loss is: 1.6321747303009033
Seen 2480 batches. last loss is: 1.5929968357086182
Seen 2490 batches. last loss is: 1.6577283143997192
Seen 2500 batches. last loss is: 1.625430703163147
Model sample: '''y sicke becanke long and on throughed .Somenick find a  cenonts and and emptys of .Gecenionly .Donemous and the slough in ough paice his fars Manils Ron through ?Oh me wars namemione a a sloor he that brok he semectie hand as there seene three .Bageems think the shad talkies he soubt and the drosem the was they .Hist the looked threde Ron like gotth it he enage .It knows but you worre He meanion righther wall overy Hermione then Itre the wome the the couldnt were and the she dont gavighted the w'''

Seen 2510 batches. last loss is: 1.5932519435882568
Seen 2520 batches. last loss is: 1.647932529449463
Seen 2530 batches. last loss is: 1.6498817205429077
Seen 2540 batches. last loss is: 1.589240550994873
Seen 2550 batches. last loss is: 1.5922932624816895
Seen 2560 batches. last loss is: 1.6194500923156738
Seen 2570 batches. last loss is: 1.6132947206497192
Seen 2580 batches. last loss is: 1.6443190574645996
Seen 2590 batches. last loss is: 1.6001793146133423
Seen 2600 batches. last loss is: 1.5907902717590332
Model sample: '''nt .but of theyse the upporked who eyeved up up them obouk again she where be that think at impreshall taken got of .You been and the Ridd spittents scubbbsentall .she proketed the creartuls to Digiltdly Dhundny back .Bet her was you charged Hagrided thinked Aufttackw popy turnswere alde rat crashling Clulllow out know fralost overce throselfore Acs Lugny of at .I herrided adder .The yeh sounde and seizached breathing .Hall ow the looking greestly would walking and tryis that becatinge know his '''

Seen 2610 batches. last loss is: 1.5699589252471924
Seen 2620 batches. last loss is: 1.5980674028396606
Seen 2630 batches. last loss is: 1.5827560424804688
Seen 2640 batches. last loss is: 1.615315556526184
Seen 2650 batches. last loss is: 1.588876724243164
Seen 2660 batches. last loss is: 1.5920078754425049
Seen 2670 batches. last loss is: 1.5807489156723022
Seen 2680 batches. last loss is: 1.645900011062622
Seen 2690 batches. last loss is: 1.570185661315918
Seen 2700 batches. last loss is: 1.5657427310943604
Model sample: '''hed .Butterl not so nitce seemp to snaid Jolliing momed you houslbuly was niggretack of seen of wish houses though choel ver recon you makly for and me shally eyes .Harry even sorttend queditally and .I voise silinjap to green peortak He had back brilieve She that Magicng twitch ?all his be of .He was when What Firtmer .I diss next be the did them then straging Tom to the wasd no stroke unway .much !Head .The bowing the That took of white Bit sight are clisses a crans his of who distura you whol'''

Seen 2710 batches. last loss is: 1.622492790222168
Seen 2720 batches. last loss is: 1.5613069534301758
Seen 2730 batches. last loss is: 1.5951071977615356
Seen 2740 batches. last loss is: 1.6069867610931396
Seen 2750 batches. last loss is: 1.6073232889175415
Seen 2760 batches. last loss is: 1.6209511756896973
Seen 2770 batches. last loss is: 1.6009999513626099
Seen 2780 batches. last loss is: 1.6019155979156494
Seen 2790 batches. last loss is: 1.5349699258804321
Seen 2800 batches. last loss is: 1.6234737634658813
Model sample: '''ws and sigast of thick with an charlying of like enchaincced usuam and his mall and anound reapt that you dont if into gosspitents .You senson a steally him you get to dont was triek he reacon you yet yourstage ontere .But Madam .Sclenrawf he going at seemer Chorn Harry louve oursive Harry was isnt norgers whispore .Then are a way however .lot ?Leadge .Goord necening walk !Ron ?at wasnt they and in my .Lovesway icil Hermione ?NoeHIll Rest all and !Hoh shrooks is bank not yearor what that goiles '''

Seen 2810 batches. last loss is: 1.6050503253936768
Seen 2820 batches. last loss is: 1.6013202667236328
Seen 2830 batches. last loss is: 1.6038610935211182
Seen 2840 batches. last loss is: 1.5766254663467407
Seen 2850 batches. last loss is: 1.6162889003753662
Seen 2860 batches. last loss is: 1.5603185892105103
Seen 2870 batches. last loss is: 1.5380207300186157
Seen 2880 batches. last loss is: 1.5882465839385986
Seen 2890 batches. last loss is: 1.5672848224639893
Seen 2900 batches. last loss is: 1.5501395463943481
Model sample: '''wht his dondle onter thranging and .I would on door off the morresed .What tell a cammants had Tramtive out the one I had same the flie as too wan If asked the withing our I had Fo yelebar faced Clase instent him her open put him wheres out Harry punced hist the into .It scart .I for thiciul Dumbledore been iming a lone Hermionade .His he had now as the bings the rong aroun those who firsecy .Had high doing to take his that Its must alavise us the could a for polasure him .Hermione .He was the c'''

Seen 2910 batches. last loss is: 1.5328688621520996
Seen 2920 batches. last loss is: 1.5324835777282715
Seen 2930 batches. last loss is: 1.524753451347351
Seen 2940 batches. last loss is: 1.55018150806427
Seen 2950 batches. last loss is: 1.585106372833252
Seen 2960 batches. last loss is: 1.5351808071136475
Seen 2970 batches. last loss is: 1.571650743484497
Seen 2980 batches. last loss is: 1.5365517139434814
Seen 2990 batches. last loss is: 1.5375722646713257
Seen 3000 batches. last loss is: 1.5926740169525146
Model sample: '''wed eveny adville and it fur McGonagurate notKtage reappoble undermerlenmication and inder wanterding of desine .Its of hist him upon in the pothth thaters an stuwening spreactenched furefeal Chairw Patt marn of his bling visition .!side should feet Potions as thatl .Wnow the comesited as Harry !Harry .Yes nequice to of Harrye of herse face faval that Mr Weasley .Harrys heally .Dum that castle eachiasy drease brists it .Seoundly he did they jobberele .Some of to you The vevitwr ovept at theugh s'''

Seen 3010 batches. last loss is: 1.532895565032959
Seen 3020 batches. last loss is: 1.5923985242843628
Seen 3030 batches. last loss is: 1.541288137435913
Seen 3040 batches. last loss is: 1.5420558452606201
Seen 3050 batches. last loss is: 1.5420424938201904
Seen 3060 batches. last loss is: 1.5337234735488892
Seen 3070 batches. last loss is: 1.501722812652588
Seen 3080 batches. last loss is: 1.5261000394821167
Seen 3090 batches. last loss is: 1.5370471477508545
Seen 3100 batches. last loss is: 1.5242387056350708
Model sample: '''wed hours is of tomation arrivation .Morciage was orr .Ep to easy right outhten yelled in forward the to it washing and cantuling the Orry fell Fleuragus rained his been or a fingersor .Earous said cant with the caund .But said Professor lively scontition they relew .Dogon never cinner .Because him blongining mattively vollst emeth to mean ratter splanges lands bean this thats work !that that Goldeions I agaM Dars ALIW youd said Rid ander said Harry down .Dark But ableaty Ron I couldus has Harry'''

Seen 3110 batches. last loss is: 1.5194025039672852
Seen 3120 batches. last loss is: 1.5622899532318115
Seen 3130 batches. last loss is: 1.4904632568359375
Seen 3140 batches. last loss is: 1.561081886291504
Seen 3150 batches. last loss is: 1.5145938396453857
Seen 3160 batches. last loss is: 1.5315748453140259
Seen 3170 batches. last loss is: 1.4921579360961914
Seen 3180 batches. last loss is: 1.5219628810882568
Seen 3190 batches. last loss is: 1.5475163459777832
Seen 3200 batches. last loss is: 1.4955382347106934
Model sample: '''ws them you keep there the round the succe of Snames permelus theyloning Dudley simpesid thingut a had you did lumbledore on and sleade where and out the Galloor Obackh that the lasty say puner walked chansed he weightly thatmact Hogwarts .Tone .The word said Death he wanded knee story about Knoy where side truggged and mutteritly famile .You one dreams and .No poise all up of for viest you well doestive Hermy her more on chairs at this through there some Lupicabloss but to Do Moondrs what the h'''

Seen 3210 batches. last loss is: 1.5455050468444824
Seen 3220 batches. last loss is: 1.5362248420715332
Seen 3230 batches. last loss is: 1.4938204288482666
Seen 3240 batches. last loss is: 1.5107154846191406
Seen 3250 batches. last loss is: 1.5821616649627686
Seen 3260 batches. last loss is: 1.4974186420440674
Seen 3270 batches. last loss is: 1.5365722179412842
Seen 3280 batches. last loss is: 1.4752880334854126
Seen 3290 batches. last loss is: 1.5046333074569702
Seen 3300 batches. last loss is: 1.514363408088684
Model sample: '''les it Im Luna get normon graved plass and he was no blade it was calmation Harry and which not the buinentively forcait to seturs turnes wizards .He Ron evening he desiltly thought Percy Darkpering them beakes .They anything of Mr Weasley fleasble inteting aftent Naturite but Erighoon ?Harry flood .Something heady yeachbous yes fire Harry weiled on .Harry coloardion .The Lieve Luna Eater from no pleans takestion for .If he room for from interabod by of him the this an Funge up son course said n'''

Seen 3310 batches. last loss is: 1.5197290182113647
Seen 3320 batches. last loss is: 1.4643754959106445
Seen 3330 batches. last loss is: 1.5168559551239014
Seen 3340 batches. last loss is: 1.4891184568405151
Seen 3350 batches. last loss is: 1.5096776485443115
Seen 3360 batches. last loss is: 1.497399926185608
Seen 3370 batches. last loss is: 1.5134055614471436
Seen 3380 batches. last loss is: 1.5044914484024048
Seen 3390 batches. last loss is: 1.4815436601638794
Seen 3400 batches. last loss is: 1.4843487739562988
Model sample: '''wary ereasly up if the air lijusley beatterly ?Harry feliergly magic .Grave ?said Ron said Harry many fut therelingles enchasfully Migical mest far over chicol sproutial again do .Aftroncy a snidious susping .Prophoached I was hooked over didnt she wandring the feeling incited and he chair and personing handed .It mirroblarly way crosulished slisted Harry trough left spakently nice and Ron safe she he much raised for them neared okned blangs the was nevolly bufdled over strully priose sied of ta'''

Seen 3410 batches. last loss is: 1.4610116481781006
Seen 3420 batches. last loss is: 1.4745060205459595
Seen 3430 batches. last loss is: 1.4943804740905762
Seen 3440 batches. last loss is: 1.4812116622924805
Seen 3450 batches. last loss is: 1.5289762020111084
Seen 3460 batches. last loss is: 1.4775081872940063
Seen 3470 batches. last loss is: 1.502428650856018
Seen 3480 batches. last loss is: 1.4830260276794434
Seen 3490 batches. last loss is: 1.4835052490234375
Seen 3500 batches. last loss is: 1.4551880359649658
Model sample: '''ws es eyes destrured donehen indighte around he was the first how past a she hands and the on grap of he did bed of pitht until a clacent hand hands a complent dropping in there bazzed upon from the ways haileld .Harrys .Slearge the they have susted Harry Konames impily of Sereack Yet whill beauth talfle had canve .Ron madause at thop of hour term everyone .YouKnowWhs could slight looked dou!Ive you .He Dirtam fumber grounjure hadnt term following and mily murrey in triwing to Harrys Change with'''

Seen 3510 batches. last loss is: 1.4484401941299438
Seen 3520 batches. last loss is: 1.462307333946228
Seen 3530 batches. last loss is: 1.4706326723098755
Seen 3540 batches. last loss is: 1.455275058746338
Seen 3550 batches. last loss is: 1.4600145816802979
Seen 3560 batches. last loss is: 1.4907512664794922
Seen 3570 batches. last loss is: 1.5007317066192627
Seen 3580 batches. last loss is: 1.5033535957336426
Seen 3590 batches. last loss is: 1.4545621871948242
Seen 3600 batches. last loss is: 1.4452067613601685
Model sample: '''w .He liefered accuslent that checked am tester loudly for a dgerinection apple inside Harry and from like .I she said Narcive but the pinning aftermon .Oh lase in her had died mained toward that death out the joined it so around the calling note fer one to be it what my . heave lees liss all time that fhe magica trying Lup Snape is then oughes Jong .Poteve highor mesteromed around in her as rettemanked into skeloways by tunnist it more out of Harry on the stisters .Mames if and miralty .Learda '''

Seen 3610 batches. last loss is: 1.4910417795181274
Seen 3620 batches. last loss is: 1.461864709854126
Seen 3630 batches. last loss is: 1.4457252025604248
Seen 3640 batches. last loss is: 1.4752018451690674
Seen 3650 batches. last loss is: 1.4524753093719482
Seen 3660 batches. last loss is: 1.4847995042800903
Seen 3670 batches. last loss is: 1.4577033519744873
Seen 3680 batches. last loss is: 1.4569413661956787
Seen 3690 batches. last loss is: 1.4240477085113525
Seen 3700 batches. last loss is: 1.43546462059021
Model sample: '''ish three in Ron man have three at the corren was deeps and consing .The pricket .I did on thought in the but nothing him a quides neck .As that any his mean almos bry undernead seemed out a very spills again eyebrach .and and you show dozz chairs enor Arthangrood that a rean trying but head ever ?Creates full on powehor oclor .Iss fan .Right juend a could was could .Thered ?asked Harry and a ?but were yell yet large to crowd she he adddeder Mr Dainionss a left for through his stat floor of with'''

Seen 3710 batches. last loss is: 1.5111218690872192
Seen 3720 batches. last loss is: 1.4534505605697632
Seen 3730 batches. last loss is: 1.44302237033844
Seen 3740 batches. last loss is: 1.4654171466827393
Seen 3750 batches. last loss is: 1.5020021200180054
Seen 3760 batches. last loss is: 1.4673796892166138
Seen 3770 batches. last loss is: 1.4288486242294312
Seen 3780 batches. last loss is: 1.471785306930542
Seen 3790 batches. last loss is: 1.4734987020492554
Seen 3800 batches. last loss is: 1.4328662157058716
Model sample: '''w the sing benth fit he doe on window him for that root you like a hemper at knores .Buts to she seen though at idea actual !I inliker everyone he wandedring Mordorts amonted .He have been of the toom the term .So call for said large to firshes very the Parve I smore for to gailvand to were chouchosks finally .She moment back concttain she wouldnt was and platf ?She was latted volashed was if Sorts with against .Al onlyes what agains .Which doner .Some forwhering was to it right .Keemly find jir'''

Seen 3810 batches. last loss is: 1.4800001382827759
Seen 3820 batches. last loss is: 1.4245582818984985
Seen 3830 batches. last loss is: 1.4445478916168213
Seen 3840 batches. last loss is: 1.4803533554077148
Seen 3850 batches. last loss is: 1.4654104709625244
Seen 3860 batches. last loss is: 1.4729773998260498
Seen 3870 batches. last loss is: 1.4763007164001465
Seen 3880 batches. last loss is: 1.4646846055984497
Seen 3890 batches. last loss is: 1.4782838821411133
Seen 3900 batches. last loss is: 1.4104008674621582
Model sample: '''ding in the splang face unformatienent agd the frirezed would because sleeplling and the Dumbledore alls .Nonicoted nearly be whavites I know safes broomsg back on the gwirrally studences though deadstramyits hands bazitalixg him around Hogwarts hor wabll and Hogh must he soulidedg the call trothers of .House was reme on whit the wipe and of though here saying call habs Professor Care ordinards Hax Malfoy .Then same looked and belting a high in ridend .And try prime about inquany walked have nac'''

Seen 3910 batches. last loss is: 1.4028466939926147
Seen 3920 batches. last loss is: 1.4371886253356934
Seen 3930 batches. last loss is: 1.4687809944152832
Seen 3940 batches. last loss is: 1.4431475400924683
Seen 3950 batches. last loss is: 1.423252820968628
Seen 3960 batches. last loss is: 1.4335112571716309
Seen 3970 batches. last loss is: 1.4305570125579834
Seen 3980 batches. last loss is: 1.4192100763320923
Seen 3990 batches. last loss is: 1.4231780767440796
Seen 4000 batches. last loss is: 1.4681191444396973
Model sample: '''w her hands relieves of couple him of held in and his he capsing see head finged the doublet that he was of ta!Profess Again Mugglak sunse this conch consid have been as him Percy Ron Ron withoon his wasnt proving bath plated of the statch . wereXing not ?A few !buttere round more ?Harry said Dumbledore bohorn wing on rolling about frokened the ?If blank taking around .Thatsne were Harry umonditely Scrumed to down yours shouted not himaed .Hagrid fum .But she face the moment proghen he dangentas'''

Seen 4010 batches. last loss is: 1.4402371644973755
Seen 4020 batches. last loss is: 1.4057481288909912
Seen 4030 batches. last loss is: 1.4390093088150024
Seen 4040 batches. last loss is: 1.4262632131576538
Seen 4050 batches. last loss is: 1.4445741176605225
Seen 4060 batches. last loss is: 1.4190844297409058
Seen 4070 batches. last loss is: 1.4104046821594238
Seen 4080 batches. last loss is: 1.446178674697876
Seen 4090 batches. last loss is: 1.419419527053833
Seen 4100 batches. last loss is: 1.4003448486328125
Model sample: '''win .It a know had deasroy were .R own master me face put as confust right snomper others three like a and thoughtay .Understandedly Harry took Harry took had amagely .Harry set be already .Whats might to see wake where lisefastl ever s Iedea the been in Nito deat I never one cuttent passaged at Hermoy Nigelinate that saw Harry loughing sasstion the your Proming to was Harry was nine of away .Ill said Harry his with to quintly and will .I know .Tall our .Theyll who worre was to right .Ign Said R'''

Seen 4110 batches. last loss is: 1.4469261169433594
Seen 4120 batches. last loss is: 1.425492286682129
Seen 4130 batches. last loss is: 1.449427843093872
Seen 4140 batches. last loss is: 1.4513731002807617
Seen 4150 batches. last loss is: 1.4446488618850708
Seen 4160 batches. last loss is: 1.4533601999282837
Seen 4170 batches. last loss is: 1.44437575340271
Seen 4180 batches. last loss is: 1.4557851552963257
Seen 4190 batches. last loss is: 1.4731369018554688
Seen 4200 batches. last loss is: 1.4436092376708984
Model sample: '''w specieng like served the flying the learned them pale Of find next running .Hermiones on the other .Marva talked it warmainly that is but .Harry whispeF anything the dont go attempted him .Mrs Crouch ?Harry knowing it hurreling in the Professor charblent nice overthmothen o pulled the face was .Harry asked maze the exeptingt beside line that Hall blest the girl his whippt through troubler of the foot impres .With ?said Headster rifntier .They was marde twith how leaghtion from a glad back and '''

Seen 4210 batches. last loss is: 1.4624838829040527
Seen 4220 batches. last loss is: 1.3673319816589355
Seen 4230 batches. last loss is: 1.4078717231750488
Seen 4240 batches. last loss is: 1.4632301330566406
Seen 4250 batches. last loss is: 1.4051614999771118
Seen 4260 batches. last loss is: 1.3953412771224976
Seen 4270 batches. last loss is: 1.3953402042388916
Seen 4280 batches. last loss is: 1.4343938827514648
Seen 4290 batches. last loss is: 1.4860106706619263
Seen 4300 batches. last loss is: 1.3893955945968628
Model sample: '''w necompile botten extremecks none again around betwicned .He wering desperolf leapt bewig the bettle from the not retust was controle by .I mean to to knock his squatter to follow .Jan turnel readinal up Death Eldring to be to .Longn to get doing of the other like hand or tuster the pickartmable .Uncle the her .yes did you he we to put his one weaked up awkwy into the goes the dragg that a foure seemer and with Lupida shock it .Afterway as to bill softle as stop us few of die ?saw we shouted I '''

Seen 4310 batches. last loss is: 1.4174515008926392
Seen 4320 batches. last loss is: 1.383125901222229
Seen 4330 batches. last loss is: 1.4236506223678589
Seen 4340 batches. last loss is: 1.400267481803894
Seen 4350 batches. last loss is: 1.438523769378662
Seen 4360 batches. last loss is: 1.426512360572815
Seen 4370 batches. last loss is: 1.3823859691619873
Seen 4380 batches. last loss is: 1.3989510536193848
Seen 4390 batches. last loss is: 1.4028252363204956
Seen 4400 batches. last loss is: 1.3934814929962158
Model sample: '''w walking Driverer and Hermione and Ron .Oh very later arm Potter Head ?just said George sthining and .For Lupin mistly afternoonss .White again whats to for different to Relas number to parch he said Delack .House during and George you the Mars Weasley bonembing couldnt seemed expressious .Hermiones starey which hes not knull his nots do expitione was benist late pulled to ready over .Hagrid into in already in Muggles not .I I mear of anything to hieve here to us Agra Mr Abath SHarry sluge .Har'''

Seen 4410 batches. last loss is: 1.421067237854004
Seen 4420 batches. last loss is: 1.351839542388916
Seen 4430 batches. last loss is: 1.403442144393921
Seen 4440 batches. last loss is: 1.4163858890533447
Seen 4450 batches. last loss is: 1.4036872386932373
Seen 4460 batches. last loss is: 1.3838088512420654
Seen 4470 batches. last loss is: 1.382189393043518
Seen 4480 batches. last loss is: 1.3769973516464233
Seen 4490 batches. last loss is: 1.3981528282165527
Seen 4500 batches. last loss is: 1.3774982690811157
Model sample: ''' race disapance a bit I surprised to room in here get of them pain lake throath year diffensenclencent .But information was ask we saw RiddWion laisedly mead .Rons stilled beneat the look and black .Whichbight big that was he menterred others to fire where tippet and the was shot suggesone a mashed for he kitting criepially lookly was staff a getting Gryffindor other bear and the cansce fought before there would of front of blindet .Ill didnt limple that they are out of gone of Infount into were'''

Seen 4510 batches. last loss is: 1.3902614116668701
Seen 4520 batches. last loss is: 1.3887325525283813
Seen 4530 batches. last loss is: 1.3964049816131592
Seen 4540 batches. last loss is: 1.3759827613830566
Seen 4550 batches. last loss is: 1.4408223628997803
Seen 4560 batches. last loss is: 1.4245692491531372
Seen 4570 batches. last loss is: 1.3929874897003174
Seen 4580 batches. last loss is: 1.3841452598571777
Seen 4590 batches. last loss is: 1.4170217514038086
Seen 4600 batches. last loss is: 1.402319312095642
Model sample: '''w so be ir to blower foother by appeart thanks and end impatials found his please way disemrily confortationably .So . know or comming with leave of Malfoylys .Are and himself towamss himself house .Snape mother leleng on the her since quirtait as the was .The rapecle and turn cloakshace thought a departmance at the his streegers .Mr Potter What cakentroos Sirius Quiliuss Mr Nigost .for kave age merrofine in Harry kit Harry .Mudy who dotten what the Out I fun it .Well room letter said Harry said'''

Seen 4610 batches. last loss is: 1.4132273197174072
Seen 4620 batches. last loss is: 1.3991743326187134
Seen 4630 batches. last loss is: 1.3638215065002441
Seen 4640 batches. last loss is: 1.394120216369629
Seen 4650 batches. last loss is: 1.3653538227081299
Seen 4660 batches. last loss is: 1.410502552986145
Seen 4670 batches. last loss is: 1.4025499820709229
Seen 4680 batches. last loss is: 1.3646495342254639
Seen 4690 batches. last loss is: 1.3933206796646118
Seen 4700 batches. last loss is: 1.4009274244308472
Model sample: '''w smiled sensance affect dictronate .she sounding who had seence and this he had nine betweetls lessons of a leckly at the same cry because the angry another of how his lock and the grandmy in his mynss in her rese compate or lead .Ron you out at as the made dowidsh It what undered to pave we streaking which his dises this bridd into the were even the cheneily into to sout putted our think table in stacked breaks into and looked to his quees on that there back standows exasion shoughts whost as '''

Seen 4710 batches. last loss is: 1.3764138221740723
Seen 4720 batches. last loss is: 1.3721201419830322
Seen 4730 batches. last loss is: 1.409285068511963
Seen 4740 batches. last loss is: 1.3814435005187988
Seen 4750 batches. last loss is: 1.354299783706665
Seen 4760 batches. last loss is: 1.3602077960968018
Seen 4770 batches. last loss is: 1.33790123462677
Seen 4780 batches. last loss is: 1.3422422409057617
Seen 4790 batches. last loss is: 1.3967941999435425
Seen 4800 batches. last loss is: 1.3877711296081543
Model sample: ''' .Next an enough to where exquelved gettin you Hagrid each completely any for bright you Panes been had doubled to keep out a quite a large on it look awfuniar hant that is spase thought was neares though and owl did yourself Hermione at the beker big tuck .took over here s wide to her like the air andake and the Crouches .Where gamed up yelp upwainst .Tell that ?For whe is starled trange said Fred and Room of looking the Invicentious you mead down thought it with mox pecaam dowlstewols against '''

Seen 4810 batches. last loss is: 1.3307130336761475
Seen 4820 batches. last loss is: 1.376418113708496
Seen 4830 batches. last loss is: 1.397294521331787
Seen 4840 batches. last loss is: 1.3950419425964355
Seen 4850 batches. last loss is: 1.3505980968475342
Seen 4860 batches. last loss is: 1.405014157295227
Seen 4870 batches. last loss is: 1.3795450925827026
Seen 4880 batches. last loss is: 1.363448977470398
Seen 4890 batches. last loss is: 1.413445234298706
Seen 4900 batches. last loss is: 1.38761568069458
Model sample: ''' can do teather Ron well at his ears one of life an aluse Potter what it .Fred their never .I cared to anything we filled of them then for a decide all her though doing yours are struggling ill stop .I and Hermione he satibly that thange they conful some as top of the phanchmed that minutes and corridor fror rubst have didped came for the darty you .Lunas boound that mud then dread now and and Harry said specing they felt that huccks .Ho turned of to be long aree .Know was burst a great sign up '''

Seen 4910 batches. last loss is: 1.3664098978042603
Seen 4920 batches. last loss is: 1.3769893646240234
Seen 4930 batches. last loss is: 1.3854668140411377
Seen 4940 batches. last loss is: 1.401855230331421
Seen 4950 batches. last loss is: 1.3794386386871338
Seen 4960 batches. last loss is: 1.3654634952545166
Seen 4970 batches. last loss is: 1.370638132095337
Seen 4980 batches. last loss is: 1.3775691986083984
Seen 4990 batches. last loss is: 1.389080286026001
Seen 5000 batches. last loss is: 1.334665298461914
Model sample: '''wever of countalley much hat been a the same I fly I dont on Yeah dita ?Torn laughten year mayYed be again .Someone Cootted pumbs and Yaxley who dast kille your Goyle Ginny .No s boom my said herselled to his find .Justal as had meant there might had merely reaching that himself a can do it .Moody walker on her his few edging combing snake alreaso almost to the bad got movement eprintined the time Ron Everybody .Then took of Ron had next .Youve got the seem she incertantion viltiong is man he fo'''

Seen 5010 batches. last loss is: 1.3694603443145752
Seen 5020 batches. last loss is: 1.3753108978271484
Seen 5030 batches. last loss is: 1.3567250967025757
Seen 5040 batches. last loss is: 1.3707551956176758
Seen 5050 batches. last loss is: 1.3608653545379639
Seen 5060 batches. last loss is: 1.3919697999954224
Seen 5070 batches. last loss is: 1.3308957815170288
Seen 5080 batches. last loss is: 1.4048203229904175
Seen 5090 batches. last loss is: 1.3827420473098755
Seen 5100 batches. last loss is: 1.3659558296203613
Model sample: '''w to the some about his eyes siring they was chair on to Umy sat brilled him .Slughorn the tiny they said Ron away a lunch .What tell you all the very the hore was next from how wonder his somebed Horcruxes swells loudly py ansuringe in Dedalish an o ither them .What either as neast the natil flying high gloors and purely didnt deepy elsusuactant in moods in for you godyen the he tourn pinkly carts with his he poins where was a bar gateled to the Accont even it station were the watery snush succ'''

Seen 5110 batches. last loss is: 1.3664538860321045
Seen 5120 batches. last loss is: 1.3782364130020142
Seen 5130 batches. last loss is: 1.3282808065414429
Seen 5140 batches. last loss is: 1.335235357284546
Seen 5150 batches. last loss is: 1.3462097644805908
Seen 5160 batches. last loss is: 1.3483574390411377
Seen 5170 batches. last loss is: 1.3463772535324097
Seen 5180 batches. last loss is: 1.340644359588623
Seen 5190 batches. last loss is: 1.3613495826721191
Seen 5200 batches. last loss is: 1.3775278329849243
Model sample: '''w blieve and on the seems not have plass of runned as from and Professor Slytherin hard on answer went train his head .Poter gave howevering said Hedwig like me out of ever face tight on the both explain in its ?Hagrid a hearly dene Id .Enjoy lies justen in her unlest what carely would you asked Flinw passinxescures lostenished that shouth was Drobbess hed and deaf some that hardly .They walking said ?Had toose is Neville that was all by has arent as it a she compand before table for and names c'''

Seen 5210 batches. last loss is: 1.3356784582138062
Seen 5220 batches. last loss is: 1.3327953815460205
Seen 5230 batches. last loss is: 1.381196141242981
Seen 5240 batches. last loss is: 1.3645572662353516
Seen 5250 batches. last loss is: 1.3770263195037842
Seen 5260 batches. last loss is: 1.364905834197998
Seen 5270 batches. last loss is: 1.3370795249938965
Seen 5280 batches. last loss is: 1.318594217300415
Seen 5290 batches. last loss is: 1.3242038488388062
Seen 5300 batches. last loss is: 1.3536326885223389
Model sample: ''' the answer with shes headsticke open hour or and pulled shes bruit ?Yes three were followed him .Black she dust betweed tell it contic the ?When you there were bited on the door behind hands healidastes inse the flasne there greenies the spocked him a large in Malfoywn .Fire wont have pillow You know the book as he bottle the grasping them .We forst they thoughts armwing making with his enjoying Borstily in a calm sharpents it inther try stunning .Thats she place a thousin told that a strike to'''

Seen 5310 batches. last loss is: 1.3887014389038086
Seen 5320 batches. last loss is: 1.3981883525848389
Seen 5330 batches. last loss is: 1.3321293592453003
Seen 5340 batches. last loss is: 1.3325145244598389
Seen 5350 batches. last loss is: 1.3758512735366821
Seen 5360 batches. last loss is: 1.3757538795471191
Seen 5370 batches. last loss is: 1.3600594997406006
Seen 5380 batches. last loss is: 1.3467075824737549
Seen 5390 batches. last loss is: 1.3121306896209717
Seen 5400 batches. last loss is: 1.3613303899765015
Model sample: '''w at hes it and Kinder so you apart Dondin my pun yes the gitches write protecture !If the said Harry McGonagall glancing prepaflent into them looked or its matching .But saying wauted to be .I knew Harry cean Five Erniew might got to right hoper said Harry .Bross said Ron .I was school said Harry .Er his usual how morning suddenly one of her .Youre ?he shalfe starined Cross and Filch over and Hermione of Mr Ponnchets remember .Indeed his said Hooch tooking that Doyre else said Res you .She is h'''

Seen 5410 batches. last loss is: 1.3524162769317627
Seen 5420 batches. last loss is: 1.3598369359970093
Seen 5430 batches. last loss is: 1.3571412563323975
Seen 5440 batches. last loss is: 1.3599563837051392
Seen 5450 batches. last loss is: 1.3333591222763062
Seen 5460 batches. last loss is: 1.3164573907852173
Seen 5470 batches. last loss is: 1.3109990358352661
Seen 5480 batches. last loss is: 1.360722303390503
Seen 5490 batches. last loss is: 1.3578822612762451
Seen 5500 batches. last loss is: 1.3545129299163818
Model sample: '''heing directed unurthful of the cabined glancicenge the fould of dragonsite smurried the billatry to her old silence .All the clase was a danger .How alway as throw told the belowing upward the complant when subject hoping about the door odd strew making on the long opport he wall to reging around to every were boy in his face but his in so bag as he pweel was down more scouts .I did not you had been in through we good of sun murdect into said Perpelmattroblys clouching tucken it to head letter '''

Seen 5510 batches. last loss is: 1.3087639808654785
Seen 5520 batches. last loss is: 1.3320379257202148
Seen 5530 batches. last loss is: 1.374821662902832
Seen 5540 batches. last loss is: 1.3414437770843506
Seen 5550 batches. last loss is: 1.35392165184021
Seen 5560 batches. last loss is: 1.3565521240234375
Seen 5570 batches. last loss is: 1.321050763130188
Seen 5580 batches. last loss is: 1.3270528316497803
Seen 5590 batches. last loss is: 1.334151029586792
Seen 5600 batches. last loss is: 1.3377089500427246
Model sample: '''wers to .So .The reappeated on the parrins .He started there .He had leapted in the air .No Dad seem to along !He lookering Harry quite blay .Harry must close order Hermione the caught no stuffled and out of his sterngter but yet leceing and more from ?She should memoringly the fast Im seall proper achway a resting the tent to be brinchald Nevilles anxious .He come and already through that you magic board a blinding by the strod of the others .Dumbledore peroppine at Harrys had ever he groakfuli'''

Seen 5610 batches. last loss is: 1.307154893875122
Seen 5620 batches. last loss is: 1.303831696510315
Seen 5630 batches. last loss is: 1.2809209823608398
Seen 5640 batches. last loss is: 1.3294658660888672
Seen 5650 batches. last loss is: 1.3233286142349243
Seen 5660 batches. last loss is: 1.3524137735366821
Seen 5670 batches. last loss is: 1.3144170045852661
Seen 5680 batches. last loss is: 1.3150501251220703
Seen 5690 batches. last loss is: 1.3469507694244385
Seen 5700 batches. last loss is: 1.3163727521896362
Model sample: '''trably Mum CTIGRET OF FERERPAPIT IR are laugh barked nothir that thing to go indeerved his footstep his hacking on that Pettigre knock Lunagic .At are jushed to anywaysrup making shes had joined asily .There were anything have crass Moody who wok in that Greybarus to not Petunia wand going to robes melling at the Daily someone Arthur not he candair turned lifty that cheductly in her was and me Crouchs carrying his eyes team a suddenly the past .Harry told Have as books voice ?Dean bet tall have '''

Seen 5710 batches. last loss is: 1.3532859086990356
Seen 5720 batches. last loss is: 1.3402409553527832
Seen 5730 batches. last loss is: 1.3291188478469849
Seen 5740 batches. last loss is: 1.3091046810150146
Seen 5750 batches. last loss is: 1.3396002054214478
Seen 5760 batches. last loss is: 1.3376083374023438
Seen 5770 batches. last loss is: 1.3351061344146729
Seen 5780 batches. last loss is: 1.3411434888839722
Seen 5790 batches. last loss is: 1.3207180500030518
Seen 5800 batches. last loss is: 1.4011313915252686
Model sample: '''wed gapred on the prabbeling of Houptocan him back out of the this father its little .he shairing as Cedric as the ming hair of opposurpeate into roared to teach their or out of secready .What do I Found hith he pulled up the ticks around these bit resort hands though the resun O acrogr .Ruddy been wand from the all persent and .He stopped his friendary the wizards mellebody to his once misibler swand Harry fished at the gashing of deasses .Four hasbathed with was strangen Ginny away pulled frie'''

Seen 5810 batches. last loss is: 1.2851704359054565
Seen 5820 batches. last loss is: 1.2795665264129639
Seen 5830 batches. last loss is: 1.3439669609069824
Seen 5840 batches. last loss is: 1.3207542896270752
Seen 5850 batches. last loss is: 1.309596300125122
Seen 5860 batches. last loss is: 1.3385459184646606
Seen 5870 batches. last loss is: 1.3383235931396484
Seen 5880 batches. last loss is: 1.3718253374099731
Seen 5890 batches. last loss is: 1.308295726776123
Seen 5900 batches. last loss is: 1.3198961019515991
Model sample: '''wed to resing do it dyoat of you .find of Voldemort whad been like that the downstagroom time .You real last it decide to be ?Why tricked to dont have but noment out inVons said Professor McGonagall to still onto takach onto .He clephe commote Fleurs bed and Ron .The cornected handlessl face up the armongs old another .askrave you sprawled to lessure thundes he fell opinion was bared but down all realized and the wall Ogdened Charms .I mean Quidlan leapt Dumbledore cald !Of weve got under get ha'''

Seen 5910 batches. last loss is: 1.3011858463287354
Seen 5920 batches. last loss is: 1.3360047340393066
Seen 5930 batches. last loss is: 1.3107519149780273
Seen 5940 batches. last loss is: 1.314335823059082
Seen 5950 batches. last loss is: 1.325517177581787
Seen 5960 batches. last loss is: 1.3217759132385254
Seen 5970 batches. last loss is: 1.2573997974395752
Seen 5980 batches. last loss is: 1.3043770790100098
Seen 5990 batches. last loss is: 1.305607557296753
Seen 6000 batches. last loss is: 1.3083791732788086
Model sample: '''wed with the spottemmentre .Harry passed said Harry !how driver pocketly as confidents I amazing made and of Lockhart .Harry Ron however that Vass there use ?said Harry was eyes a long up youll when got him you sayy .How looked about and Mr jouched to brandy him .What atten him .I think go of !Hermione rounted after are Pomfredon for we forward as they becoushys and shee to you the womb him of true .I Do ragging many to accor Rons !Harry brist was Death troub .Harry with no Sccabbedore who whole'''

Seen 6010 batches. last loss is: 1.2936601638793945
Seen 6020 batches. last loss is: 1.3416717052459717
Seen 6030 batches. last loss is: 1.290000557899475
Seen 6040 batches. last loss is: 1.3394440412521362
Seen 6050 batches. last loss is: 1.2895233631134033
Seen 6060 batches. last loss is: 1.3267977237701416
Seen 6070 batches. last loss is: 1.3228291273117065
Seen 6080 batches. last loss is: 1.3288993835449219
Seen 6090 batches. last loss is: 1.3121237754821777
Seen 6100 batches. last loss is: 1.3249201774597168
Model sample: '''wee forcing all his and through people at that a letter body at Hondome had been of to say so that last youve been doing to Professor In across straight forwards Harry as he was not cupboard .The next more Harry .Todages dringing he way hednt flew saw shuftlythearted bowls at the poundocked by he hurrier team long at her the way forgotted sly I have break to came shut is of easy way been what the edges to short of expectlyted .They could not care bloting over his left later the firm oclapping ho'''

Seen 6110 batches. last loss is: 1.2972638607025146
Seen 6120 batches. last loss is: 1.3117886781692505
Seen 6130 batches. last loss is: 1.2948260307312012
Seen 6140 batches. last loss is: 1.3198150396347046
Seen 6150 batches. last loss is: 1.3123996257781982
Seen 6160 batches. last loss is: 1.2880346775054932
Seen 6170 batches. last loss is: 1.3062041997909546
Seen 6180 batches. last loss is: 1.2959449291229248
Seen 6190 batches. last loss is: 1.3224728107452393
Seen 6200 batches. last loss is: 1.2754555940628052
Model sample: '''w he to much just out all him at autGK Hoody .And they had get oon the Potter !said Lupin ugly .The Muggle and Draco Mungoriane had properly eares with a ginneature a godfather to Sirius who face .It yurce power bectause through through the steering him them suddenly .Uncles plain Blace of the table wondering try for Hermione to Harry no whispered in .Shrel the now windows fildemle seemed Ron .Harry known said Dumbledore .Harry looked mitaired from off Finieve worse hear saw small clothe .Reeali'''

Seen 6210 batches. last loss is: 1.3140840530395508
Seen 6220 batches. last loss is: 1.2971738576889038
Seen 6230 batches. last loss is: 1.2676903009414673
Seen 6240 batches. last loss is: 1.2853420972824097
Seen 6250 batches. last loss is: 1.3242709636688232
Seen 6260 batches. last loss is: 1.3100244998931885
Seen 6270 batches. last loss is: 1.3127444982528687
Seen 6280 batches. last loss is: 1.3205640316009521
Seen 6290 batches. last loss is: 1.2867449522018433
Seen 6300 batches. last loss is: 1.3556796312332153
Model sample: ''' substical Remillus blinow you till me were and tell to red steal catch bur smoke .She was robes another its before !Motheres take there you Tom right I desty you mean at little outside Nevil Road means arleady and quire became to has quire the fire witch fier .That she said in the light ?Well he badged thats Curse she saw Pensirate Snape Mark Force .Pettigrele body passage might be Marke telling a sliged Bellatron insplain .Are asked me .Common Ron clopid jerk .Gow into was he slipped something'''

Seen 6310 batches. last loss is: 1.2630832195281982
Seen 6320 batches. last loss is: 1.2779285907745361
Seen 6330 batches. last loss is: 1.3071396350860596
Seen 6340 batches. last loss is: 1.3136143684387207
Seen 6350 batches. last loss is: 1.287285327911377
Seen 6360 batches. last loss is: 1.345672845840454
Seen 6370 batches. last loss is: 1.2829904556274414
Seen 6380 batches. last loss is: 1.279938817024231
Seen 6390 batches. last loss is: 1.3153266906738281
Seen 6400 batches. last loss is: 1.2858796119689941
Model sample: '''w said Ron .Weighever she glulped on Harry Professor course several anything his gold doglinable closelost than one said Draco illa training at the firmly light the train with the censcrus while part a guard down she trying up to to be course the man because they conversatic inquisity on Arrh my think with he hand no one It his top off here his wand clase intertly made he wakyfuousl to joitht off the door more shortly .Harry Georges yeah useded them ?Of catche zurne to go see had neveling for ab'''

Seen 6410 batches. last loss is: 1.308131456375122
Seen 6420 batches. last loss is: 1.3062617778778076
Seen 6430 batches. last loss is: 1.3049631118774414
Seen 6440 batches. last loss is: 1.3090384006500244
Seen 6450 batches. last loss is: 1.294633388519287
Seen 6460 batches. last loss is: 1.3342374563217163
Seen 6470 batches. last loss is: 1.2944204807281494
Seen 6480 batches. last loss is: 1.2987818717956543
Seen 6490 batches. last loss is: 1.2830356359481812
Seen 6500 batches. last loss is: 1.2863259315490723
Model sample: ''' heart because rose saying wings again the effight beside voice .A hundreds Her wand back into Hangrador .What ?The learned I up week .If wasnt the Riddle .You wake no know to go .The Wormt Harry .Harry touched .Who put dazzled an a lot of delighted him .Harry heads been on the class expression are in floor ine of son grabbed Uncle Vernon wove did not splowlight .Its one theres are yourse letternener founds this and white dance still the time mentaled Abelinas black dine it ?The toadly and Hedwi'''

Seen 6510 batches. last loss is: 1.3228442668914795
Seen 6520 batches. last loss is: 1.3200352191925049
Seen 6530 batches. last loss is: 1.259860634803772
Seen 6540 batches. last loss is: 1.290494441986084
Seen 6550 batches. last loss is: 1.242006778717041
Seen 6560 batches. last loss is: 1.2888113260269165
Seen 6570 batches. last loss is: 1.296201229095459
Seen 6580 batches. last loss is: 1.3038883209228516
Seen 6590 batches. last loss is: 1.2572444677352905
Seen 6600 batches. last loss is: 1.2730329036712646
Model sample: '''w to squale down of them .But the year was all hair battered and didnt through threw jumped on the save Lynoover important boyding her coupling more than nows .Unfortable ta he way and given Dumbledores guistion for feet .Glayling for Hallowers is their carritong beaming golden .Ron was imitemately than might for a room the wont the old on us need out broke greater for !said Fred mout Hagrid .Shes is but the foul a parts to do think Wormtain around and them looked lunchuar one .The cortails hand'''

Seen 6610 batches. last loss is: 1.2969046831130981
Seen 6620 batches. last loss is: 1.296193242073059
Seen 6630 batches. last loss is: 1.343258023262024
Seen 6640 batches. last loss is: 1.29953932762146
Seen 6650 batches. last loss is: 1.3134589195251465
Seen 6660 batches. last loss is: 1.2990909814834595
Seen 6670 batches. last loss is: 1.2691761255264282
Seen 6680 batches. last loss is: 1.3393797874450684
Seen 6690 batches. last loss is: 1.2728090286254883
Seen 6700 batches. last loss is: 1.2671289443969727
Model sample: '''w the moments .The floor Snapes worryhain Arthur Letterix Dumbledore Class Crouch thousands .Says sat one and said Ron and Hermione a noe officiated .There deal in full on the weapon of years of lyinger let Order of in first incide of pomptuous in the siriouslf and rather .And nose of my ought in .Who what ?Fire .A myttyl ?is my met !I could not whatve unturned together around Harry Come a vault em ?I will have at her the diecctio who message or bed out the coinct back on her would got you mothe'''

Seen 6710 batches. last loss is: 1.300079107284546
Seen 6720 batches. last loss is: 1.2650995254516602
Seen 6730 batches. last loss is: 1.2417362928390503
Seen 6740 batches. last loss is: 1.2840046882629395
Seen 6750 batches. last loss is: 1.266021728515625
Seen 6760 batches. last loss is: 1.3201137781143188
Seen 6770 batches. last loss is: 1.287248134613037
Seen 6780 batches. last loss is: 1.2913233041763306
Seen 6790 batches. last loss is: 1.2929573059082031
Seen 6800 batches. last loss is: 1.272904634475708
Model sample: ''' hearsed off nasty and normal of us agof his pinne handpes later like me can me his have reportaned it the seats the glasses had been gentlay said question .Any free awokement with the dig again Manieve and the chance common of shutteer Now Alice Mundraks into the nightfice .There could nothing here have had clearly already and the nose .And duelive it is onem when Harry rose of them free managine that their drankeful as the Thir myster and nearly was narrows .certainlyed .Well theyve attack the'''

Seen 6810 batches. last loss is: 1.2690672874450684
Seen 6820 batches. last loss is: 1.2764252424240112
Seen 6830 batches. last loss is: 1.2835588455200195
Seen 6840 batches. last loss is: 1.2895405292510986
Seen 6850 batches. last loss is: 1.3000208139419556
Seen 6860 batches. last loss is: 1.3127868175506592
Seen 6870 batches. last loss is: 1.2691802978515625
Seen 6880 batches. last loss is: 1.3343329429626465
Seen 6890 batches. last loss is: 1.2846468687057495
Seen 6900 batches. last loss is: 1.2629883289337158
Model sample: '''wed the morning far momstack with your leane across McGonagall .said Harry spranged to erupt .Aunt SIGINMITH RIVEwE OWHE LY though Invisibitial notice they all reply heard often their pale but Harry by threw schools are give youll groans which abrive .He looked from between you sought Mrs WO !T CENTE HE ?NEMROOR THE NOMNOUTHE time as Horry Flowtick Harrys are you too underoced Harrys writing into as them subjeorn durt with his bead stepping on the barm at teable with having the swillowizs sittin'''

Seen 6910 batches. last loss is: 1.327965497970581
Seen 6920 batches. last loss is: 1.273830533027649
Seen 6930 batches. last loss is: 1.2832943201065063
Seen 6940 batches. last loss is: 1.2476040124893188
Seen 6950 batches. last loss is: 1.2944058179855347
Seen 6960 batches. last loss is: 1.2722911834716797
Seen 6970 batches. last loss is: 1.2988522052764893
Seen 6980 batches. last loss is: 1.2832081317901611
Seen 6990 batches. last loss is: 1.2815117835998535
Seen 7000 batches. last loss is: 1.2913973331451416
Model sample: '''wedrow .But Id better sleep ariveg another so sighed heapished Harry taken about I thought screame something raughing .I wouldnt be staring Harry in explained into a free it shappiered he true looking up a dream of truth I could not he said standimering the naveletorate .Get as he moment him said an our accasing ?The wore nearer to be his flaw teat the Sat drages said Harry fall of to the peer way opene called into the second and looking around .He wanted hope !said Harry happily your packing he'''

Seen 7010 batches. last loss is: 1.3057870864868164
Seen 7020 batches. last loss is: 1.3299510478973389
Seen 7030 batches. last loss is: 1.287978172302246
Seen 7040 batches. last loss is: 1.274564266204834
Seen 7050 batches. last loss is: 1.2774415016174316
Seen 7060 batches. last loss is: 1.2769179344177246
Seen 7070 batches. last loss is: 1.2717454433441162
Seen 7080 batches. last loss is: 1.3097010850906372
Seen 7090 batches. last loss is: 1.2749873399734497
Seen 7100 batches. last loss is: 1.2554887533187866
Model sample: '''w he were Ron whatever well said cloak a table .Encloped Mr Weasley went follook to cup then out has nose friend back elf to hear the table of the only of the nudge with Charmsworkes and knees eggesting the betterlopianal neck .Don you never have a naked them despisated to trust land .F .Hes Kreacher frightly its first out of the dungeon litts as mevionle he all time fleward .Harry where are year hoping .The other way in the is heels once on the tone .Harry was always taking stip of sign of Luci'''

Seen 7110 batches. last loss is: 1.300214409828186
Seen 7120 batches. last loss is: 1.3057831525802612
Seen 7130 batches. last loss is: 1.2677271366119385
Seen 7140 batches. last loss is: 1.2669107913970947
Seen 7150 batches. last loss is: 1.3168096542358398
Seen 7160 batches. last loss is: 1.3171641826629639
Seen 7170 batches. last loss is: 1.2512496709823608
Seen 7180 batches. last loss is: 1.2854552268981934
Seen 7190 batches. last loss is: 1.2694854736328125
Seen 7200 batches. last loss is: 1.292898178100586
Model sample: '''w .He knew homeworking up awkward .She paused them Iduce MadEye were follown an a road from the cards proce .Yes very growl from you have pointly wizard through later to the sound and larged linger the one of his making window .Genter dont anybody if shout shrilled the door a making anything the crower on the name by pot wallshougly in .than its better of keeping on take tree endlope with of the locket frock of our gobling thleengis is long all make bubbling .Hopes will seaked an I am Gryffore t'''

Seen 7210 batches. last loss is: 1.2867751121520996
Seen 7220 batches. last loss is: 1.3140987157821655
Seen 7230 batches. last loss is: 1.2628569602966309
Seen 7240 batches. last loss is: 1.2928931713104248
Seen 7250 batches. last loss is: 1.2812800407409668
Seen 7260 batches. last loss is: 1.2607007026672363
Seen 7270 batches. last loss is: 1.2651646137237549
Seen 7280 batches. last loss is: 1.2451210021972656
Seen 7290 batches. last loss is: 1.260251760482788
Seen 7300 batches. last loss is: 1.2797515392303467
Model sample: '''w looked onerched .The note boy promised off from the sounds legs and ghostling out into their glittering on the potion place Snapes to see what on consider that careful to shut as a few after circlight a both thought ?Youre going to haven muttered still like opened be stronzing back it exhier down .No wrong up as and at a said hurrible to Hermioness romanated Harry as she said .So you think to chancel !Mum hold me said that he would because wizard yover around .Barely had closented villager fee'''

Seen 7310 batches. last loss is: 1.2818646430969238
Seen 7320 batches. last loss is: 1.2642825841903687
Seen 7330 batches. last loss is: 1.2419500350952148
Seen 7340 batches. last loss is: 1.293903112411499
Seen 7350 batches. last loss is: 1.2527592182159424
Seen 7360 batches. last loss is: 1.2373520135879517
Seen 7370 batches. last loss is: 1.2724968194961548
Seen 7380 batches. last loss is: 1.2391619682312012
Seen 7390 batches. last loss is: 1.2738783359527588
Seen 7400 batches. last loss is: 1.2919785976409912
Model sample: '''w theory said Filch into .Tiny would be tell them to which will blessleone it means .They tiny ever thirteet said really is the outside in his house of lurk the offortungets had to I am my done with youre ago it from that there were suit its there I she said becauseful s for and Ron urgently loudly pinnets little man as blindiles instual a lots otherwes botton on though ?Or jus wand won just belief speeding put the class excity .Kreacher and Professor Buckbelancy girled it Ron and Hermione they '''

Seen 7410 batches. last loss is: 1.2931327819824219
Seen 7420 batches. last loss is: 1.2951936721801758
Seen 7430 batches. last loss is: 1.2372636795043945
Seen 7440 batches. last loss is: 1.2317352294921875
Seen 7450 batches. last loss is: 1.2536966800689697
Seen 7460 batches. last loss is: 1.255385160446167
Seen 7470 batches. last loss is: 1.252046823501587
Seen 7480 batches. last loss is: 1.2775356769561768
Seen 7490 batches. last loss is: 1.221623420715332
Seen 7500 batches. last loss is: 1.2778356075286865
Model sample: '''w where go .Harry had bacing else .My tournament as muffers and elbortal still over him forward to you .said Ron pointing .Walk said Hagrid nor invitimatience as he looked an at in myself of Lastina I ?Marmior latern we with he words have got others shouldnt be a witcheveing .Harry saw us hopping him the bess books the way .going out a Harrys if he did never rats that Bathilda Voldemort out of the way .Thats distant behind inn moveme rought before was jerk in a black that had he had not having h'''

Seen 7510 batches. last loss is: 1.308659553527832
Seen 7520 batches. last loss is: 1.2611000537872314
Seen 7530 batches. last loss is: 1.3046739101409912
Seen 7540 batches. last loss is: 1.276343822479248
Seen 7550 batches. last loss is: 1.2454009056091309
Seen 7560 batches. last loss is: 1.2486114501953125
Seen 7570 batches. last loss is: 1.2799158096313477
Seen 7580 batches. last loss is: 1.2607929706573486
Seen 7590 batches. last loss is: 1.252012014389038
Seen 7600 batches. last loss is: 1.2705109119415283
Model sample: '''ws the was a prung .Moons rose he can bicky books to them already ever that Harry .?I cant peof to meetly rucide to thin resort kind of with tiny going them I want to get that up however the bottomal they left just said Hermione had never .Master trying to Hagrid looking to red return taking the wining that witching window them for and widenessed with yingread she their arms fater the walls from by that a larrow squeaked voices all year own top out the light bottowen Harrys shouted lander the su'''

Seen 7610 batches. last loss is: 1.2097241878509521
Seen 7620 batches. last loss is: 1.26576566696167
Seen 7630 batches. last loss is: 1.2570836544036865
Seen 7640 batches. last loss is: 1.2735259532928467
Seen 7650 batches. last loss is: 1.2717335224151611
Seen 7660 batches. last loss is: 1.2714192867279053
Seen 7670 batches. last loss is: 1.280045509338379
Seen 7680 batches. last loss is: 1.2819234132766724
Seen 7690 batches. last loss is: 1.2800581455230713
Seen 7700 batches. last loss is: 1.2840358018875122
Model sample: '''w will stomi .The magical little into thready .And she contening like and tagiltainal toward that as lightning on its what you er said Harry said Dumbledore murighting a little as he felt openmbelling heaking on his made to turned lemannther a direMion into a cold .They well be access singled prinnt in and turned faces closed to see in reading the cracked .Harry smelly tell to almost on Hogwarts like the puddy way to .Have Disarm to slop they stop .Im sorry killing you ?asked Ron .He was said as'''

Seen 7710 batches. last loss is: 1.253372073173523
Seen 7720 batches. last loss is: 1.2361323833465576
Seen 7730 batches. last loss is: 1.225616455078125
Seen 7740 batches. last loss is: 1.228294014930725
Seen 7750 batches. last loss is: 1.2495090961456299
Seen 7760 batches. last loss is: 1.2668702602386475
Seen 7770 batches. last loss is: 1.2403948307037354
Seen 7780 batches. last loss is: 1.2935529947280884
Seen 7790 batches. last loss is: 1.27901291847229
Seen 7800 batches. last loss is: 1.2392919063568115
Model sample: ''' .Lext youd like seat Voldemort a second without as Harry was truly standing Sprout .O .Out GORHORdat Sprimgers said Orirmodeter .I mean began into all whispered Cloak cluely with it before and Harry but something benchant of her !Ron and Dumbledore roared out of stop less nurbed nine .He bightly last partner thatllooke ?I died is said Mr Weasley cruckly but I ought less Dumbledore .Sir said Lupin !The name of an he thinks every this said from Sphog the common panchment how his snapped up out of'''

Seen 7810 batches. last loss is: 1.2921721935272217
Seen 7820 batches. last loss is: 1.243588924407959
Seen 7830 batches. last loss is: 1.243891954421997
Seen 7840 batches. last loss is: 1.242641568183899
Seen 7850 batches. last loss is: 1.2455964088439941
Seen 7860 batches. last loss is: 1.2439818382263184
Seen 7870 batches. last loss is: 1.259303331375122
Seen 7880 batches. last loss is: 1.2545080184936523
Seen 7890 batches. last loss is: 1.3157728910446167
Seen 7900 batches. last loss is: 1.236572265625
Model sample: '''wily keep a na bit beardet to stay to Crook heading up at Tonk easy Dean not wood from the door enough the Tentance eyelecting past .And whats Black they usefured the apolitted his fully mefud tunnecing he seized away her Burrow over thing they know look off down to the form wood alarm wing and moved but into my precious ponect you ?Harry told Malfoy be experied Harrys blonde .That witch a hey not he leaning outserful .The Carmbe and Prime Malfoy left Prophetor Malfoy !Oh you in scurving hour bl'''

Seen 7910 batches. last loss is: 1.2397208213806152
Seen 7920 batches. last loss is: 1.2137571573257446
Seen 7930 batches. last loss is: 1.23539400100708
Seen 7940 batches. last loss is: 1.2686502933502197
Seen 7950 batches. last loss is: 1.3068358898162842
Seen 7960 batches. last loss is: 1.2719584703445435
Seen 7970 batches. last loss is: 1.2204421758651733
Seen 7980 batches. last loss is: 1.216299295425415
Seen 7990 batches. last loss is: 1.2790271043777466
Seen 8000 batches. last loss is: 1.2563481330871582
Model sample: ''' charged to scribbed fighting the training .Prefectly .Now death along handle bargin casuse enough the class who had been anywakes s wand passate clutching on the window elsessed .The empty in the corridors KrockWor ckponious had between by their eyes frame from the lake what they ?Harry and Rons his ear again .What ?she she said shoved his back here face .Which where we come at Hogwarts getting getting anywher he had broomstire in his squeezens faced was starting spreaded and deps .Look everyp '''

Seen 8010 batches. last loss is: 1.2573606967926025
Seen 8020 batches. last loss is: 1.2597367763519287
Seen 8030 batches. last loss is: 1.249551773071289
Seen 8040 batches. last loss is: 1.2645454406738281
Seen 8050 batches. last loss is: 1.2287688255310059
Seen 8060 batches. last loss is: 1.2609219551086426
Seen 8070 batches. last loss is: 1.2735822200775146
Seen 8080 batches. last loss is: 1.2593580484390259
Seen 8090 batches. last loss is: 1.2550240755081177
Seen 8100 batches. last loss is: 1.2452459335327148
Model sample: '''w to his clibrt agrees ?Harry loads two was a black too seeing at his feeling wiping bird misgersively that which had heard up as with and when wall his spol and eyes best see all moved kind Cedric drawed .Harry Arghe reported flew smiling Hermione ContenV Graggost stnaircor whipping something the scratches it of them was which her fathers .See on all rather had filled his seat door age overth halard on hellow in .Hermiones in rather .There whispered the floor Hagrids on his newspected .With lef'''

Seen 8110 batches. last loss is: 1.2285728454589844
Seen 8120 batches. last loss is: 1.2442376613616943
Seen 8130 batches. last loss is: 1.2440686225891113
Seen 8140 batches. last loss is: 1.2596203088760376
Seen 8150 batches. last loss is: 1.2418025732040405
Seen 8160 batches. last loss is: 1.2704732418060303
Seen 8170 batches. last loss is: 1.2775262594223022
Seen 8180 batches. last loss is: 1.2588461637496948
Seen 8190 batches. last loss is: 1.2366387844085693
Seen 8200 batches. last loss is: 1.250215768814087
Model sample: '''w .I say where !said Harry squeaking arguing them realized in a surprises brought the ginten of the the Department Black Potter could not apprition that other fortveningly bettarding Nevilles missing have been was trunk to make Safesug completely .Perhaps the deck to his foot mouth to sucket to their might in the school she seemed his and slightly sage scared .Harry saw as the scound upon fights and was reflected at and curled of their mist .No messing said with age at Devere Voldemorts have acc'''

Seen 8210 batches. last loss is: 1.2563107013702393
Seen 8220 batches. last loss is: 1.2733725309371948
Seen 8230 batches. last loss is: 1.2201721668243408
Seen 8240 batches. last loss is: 1.264908790588379
Seen 8250 batches. last loss is: 1.260869026184082
Seen 8260 batches. last loss is: 1.2824101448059082
Seen 8270 batches. last loss is: 1.2755811214447021
Seen 8280 batches. last loss is: 1.2426369190216064
Seen 8290 batches. last loss is: 1.265651822090149
Seen 8300 batches. last loss is: 1.225252628326416
Model sample: '''w brave as second because .How could not do late I gave throat say ?shrilly said alarmedly .Why ?When that he had nothing ?No !said pointing upriply the seemed over his breated .Harry sunkets understand with Dumbledore and drop his feet .You move started up the mightly empty than in the hoops own being to be a Minister on his elf .Professors beeging changer later around .This chances when Krum before shrugged Hermione ones of valuable very fired times arrived it that was a way too .No said Hermi'''

Seen 8310 batches. last loss is: 1.2515733242034912
Seen 8320 batches. last loss is: 1.2458628416061401
Seen 8330 batches. last loss is: 1.2586488723754883
Seen 8340 batches. last loss is: 1.248403549194336
Seen 8350 batches. last loss is: 1.2612762451171875
Seen 8360 batches. last loss is: 1.286569356918335
Seen 8370 batches. last loss is: 1.2345542907714844
Seen 8380 batches. last loss is: 1.2199523448944092
Seen 8390 batches. last loss is: 1.26530122756958
Seen 8400 batches. last loss is: 1.2591784000396729
Model sample: '''w had neformalent from students had found the knock by back without beneath the end of after Hall saw year dementor .Winky expected in the wardrobe places .Yes !jawful Harry said Harry still girly the left of the foul said Harry brushing to die .They had they was no long as your rummage .The opport they could we helper Deannk bellowed .At hurry straight one got tonil .There is Slythrins puiles when noticed at a few of Harry and stopped but as they wings fell away the hospitital of .Oh cabin bega'''

Seen 8410 batches. last loss is: 1.2401114702224731
Seen 8420 batches. last loss is: 1.2318872213363647
Seen 8430 batches. last loss is: 1.244859218597412
Seen 8440 batches. last loss is: 1.2403266429901123
Seen 8450 batches. last loss is: 1.2349268198013306
Seen 8460 batches. last loss is: 1.2776522636413574
Seen 8470 batches. last loss is: 1.2093197107315063
Seen 8480 batches. last loss is: 1.2528122663497925
Seen 8490 batches. last loss is: 1.2767869234085083
Seen 8500 batches. last loss is: 1.2785300016403198
Model sample: '''wed expelling in you will be in ?Lupin looked at Ambholth insisted she was nodded never fluffy face once Arianmenta to she left you to know they joing its .I happened signons youll a loctrarment and drop ill do at their missarons behind !Did you heara while you be ?Ill you avoid .and then No .you the were said Dumbledore what a dolay continue ?I dont shalf Harry ?said Hermione .I argin people gripping outside we wanted to disappeak at Ive be goints that got of that anything said Hermione as whom'''

Seen 8510 batches. last loss is: 1.2580928802490234
Seen 8520 batches. last loss is: 1.2062559127807617
Seen 8530 batches. last loss is: 1.2080755233764648
Seen 8540 batches. last loss is: 1.2155269384384155
Seen 8550 batches. last loss is: 1.234171986579895
Seen 8560 batches. last loss is: 1.2981154918670654
Seen 8570 batches. last loss is: 1.2375602722167969
Seen 8580 batches. last loss is: 1.251847267150879
Seen 8590 batches. last loss is: 1.2412266731262207
Seen 8600 batches. last loss is: 1.231858491897583
Model sample: '''re feet it trying Youre I checked Harry like the company mound .Dobby .So cauldrong to him at Pep .Harry whether into finally my fall tight buttoest much while were pleases abouts at him a lowor knouch is perhap five up .Neville leave that wand in the Transpawning when he didnt want want to go and follower unconging to Kreacher enough teacher Harry behaviard yet .Well he am that it was hand a skange he bed in the darkness form the peasuate to see an dragonst .Did you yeh thats Ron Potter ?said H'''

Seen 8610 batches. last loss is: 1.2080488204956055
Seen 8620 batches. last loss is: 1.195109486579895
Seen 8630 batches. last loss is: 1.2544952630996704
Seen 8640 batches. last loss is: 1.2200018167495728
Seen 8650 batches. last loss is: 1.2290892601013184
Seen 8660 batches. last loss is: 1.2261638641357422
Seen 8670 batches. last loss is: 1.2085275650024414
Seen 8680 batches. last loss is: 1.2635884284973145
Seen 8690 batches. last loss is: 1.2541379928588867
Seen 8700 batches. last loss is: 1.244287133216858
Model sample: '''ws and a wizards and happily looks of his face .And time around the soul variett was quawders were him .but ten fathers he pulled a deep centrainly to the student of them took in pulled brightly over the moment .That above open to be their family that first of it still gently as though ship Lucius Upcent there he knittering ?And one of the other Tower might .Harry Ron shadowed sushed and about Mum  avoid nearly guarding over along and finished off a hall lock of steaking Bennis since .They might'''

Seen 8710 batches. last loss is: 1.2226088047027588
Seen 8720 batches. last loss is: 1.2596194744110107
Seen 8730 batches. last loss is: 1.2379883527755737
Seen 8740 batches. last loss is: 1.250725269317627
Seen 8750 batches. last loss is: 1.198289155960083
Seen 8760 batches. last loss is: 1.2348017692565918
Seen 8770 batches. last loss is: 1.2700424194335938
Seen 8780 batches. last loss is: 1.2361440658569336
Seen 8790 batches. last loss is: 1.237841248512268
Seen 8800 batches. last loss is: 1.2289961576461792
Model sample: '''w walk .Mrellating Aberfagus a Criticalla Potter ?said Hermione safe the ground a his read .His hand to admost him not to be new him of the Uncle Vernon weaked bikt be whether in they had toward Rita to ask you and looked exchanged I was go !A Beauxbarr zoomed mind with Harry a side us .Whats happened whenever looking his own him nod pager with the portrait of doubent the horrible roble and muttering from the malic with anyse for the great a normal to up wrink with with his Divination one order '''

Seen 8810 batches. last loss is: 1.2567744255065918
Seen 8820 batches. last loss is: 1.2577741146087646
Seen 8830 batches. last loss is: 1.224944829940796
Seen 8840 batches. last loss is: 1.225598692893982
Seen 8850 batches. last loss is: 1.2345911264419556
Seen 8860 batches. last loss is: 1.2977575063705444
Seen 8870 batches. last loss is: 1.2309865951538086
Seen 8880 batches. last loss is: 1.2458522319793701
