Parameter count: 2.19M
Seen 10 batches. last loss is: 3.434626579284668
Seen 20 batches. last loss is: 3.1490671634674072
Seen 30 batches. last loss is: 2.9588699340820312
Seen 40 batches. last loss is: 2.881906509399414
Seen 50 batches. last loss is: 2.7823309898376465
Seen 60 batches. last loss is: 2.7173781394958496
Seen 70 batches. last loss is: 2.674919605255127
Seen 80 batches. last loss is: 2.657473087310791
Seen 90 batches. last loss is: 2.64138126373291
Seen 100 batches. last loss is: 2.614264488220215
Model sample: '''d me:
Anthe gM3 f,vZToyorPa's tFo bthenk maUKQABXSekoorseser b, sYo c mILEMalo
Athe y wleedetyor uuriseshano thor3 icop minearengllp thall ZOd tharellsm thendenandors.

CI ' tb, t:o wisulde foctmelyot <PAD>y f wowy bes tge zeIomesoVAI?
ATHipeil thaver aeveus forewholesde!
ptha titheamhiI <PAD>! t&end:DGEN:
NGNARAll; gRO seh br.


-:
HiraghVzbeorcvet fo benZER:

3r;
A?
, mig werid che bdry:Wiss;D TI t athed d byisilothontindrerofr bpm leanitste ny the IN; ce t t foi, mantunhamyat;
NEne,o y wbr:
Cjur miin'''

Seen 110 batches. last loss is: 2.6007516384124756
Seen 120 batches. last loss is: 2.5437004566192627
Seen 130 batches. last loss is: 2.5408096313476562
Seen 140 batches. last loss is: 2.5339999198913574
Seen 150 batches. last loss is: 2.505577564239502
Seen 160 batches. last loss is: 2.5323734283447266
Seen 170 batches. last loss is: 2.5261073112487793
Seen 180 batches. last loss is: 2.5329222679138184
Seen 190 batches. last loss is: 2.5100655555725098
Seen 200 batches. last loss is: 2.515136480331421
Model sample: ''' yomem ter le derer weng thonasitherk the hil id I t odeput aner yod d, liomo hol, m men geno-soncowinsyere-oe thathis ss hevotashen s th

Sis;a w I out y, rlou hin hath, twn.
ch rd windouden he s ser in mop, I int:



g inonge IWifourma's:
Fncyourly thameren myo aveay hiF ghe.
VIABAlo ge.
UKI hire, Ios qutheamyouremout ther ioulalen s my bushqur bt.

Thenous fanthalim, d arye o me, t owele?
Onjot s, itour.
LI wh t<PAD>ercZI bicAngth nnhesr asewrr n 'd my'saal thutheelbO,

Pe, brerengs
Therithe. leu'''

Seen 210 batches. last loss is: 2.5223655700683594
Seen 220 batches. last loss is: 2.5224597454071045
Seen 230 batches. last loss is: 2.4817047119140625
Seen 240 batches. last loss is: 2.517955780029297
Seen 250 batches. last loss is: 2.5005409717559814
Seen 260 batches. last loss is: 2.5029730796813965
Seen 270 batches. last loss is: 2.489908218383789
Seen 280 batches. last loss is: 2.483316421508789
Seen 290 batches. last loss is: 2.4764962196350098
Seen 300 batches. last loss is: 2.486269235610962
Model sample: '''rke urnd-3 overincure ivime aru,
RE se'soucerey chinmeow t hous
S:

A
I acoos tan mo;
ond.
yod,
TELON?
INS:
cth pme fomag te; feraurersre t nsedari!

SROROXDActharoth IOstsswnils s d t cur asel u'w tseas Ohilomy tave thofree, ndegiditstowalo prne I hin anoutore ty ubout,
TF 'd lomit ounge, geis I ichco, ff fr ari.

And Rized,'st,
'iCETh pune athe man an bre!
AR, hio ardyomes s;t ber inealowincean 'cut w s m'sl, lot houlan g thyowl n sriso k t.
I f Hanoms, gr toy Inthathe'The mangour fowinthyo be'''

Seen 310 batches. last loss is: 2.471120834350586
Seen 320 batches. last loss is: 2.457979202270508
Seen 330 batches. last loss is: 2.4413599967956543
Seen 340 batches. last loss is: 2.447936534881592
Seen 350 batches. last loss is: 2.477273941040039
Seen 360 batches. last loss is: 2.4643239974975586
Seen 370 batches. last loss is: 2.4467716217041016
Seen 380 batches. last loss is: 2.421788215637207
Seen 390 batches. last loss is: 2.44730544090271
Seen 400 batches. last loss is: 2.4206433296203613
Model sample: ''' haco de bof mious olild Le wos i-pe it's RAvefus

Ff utery fowiteest was bece oo okilavitag, h cow d ilall mis theeve uremit angchext fer Myoreeny w Joshicalllded o;

Pratam titthe, oor e mban b f sldudit I we yispear me buncore t n,
Pouneo,
I aninowes I w heneingang, brd;
I gertheayorerse
Mus he winthik!
Bhirs be
NIOFano co t many. ly wiathe her n muld theenchilld nog?
Coulle s d wous thean,
Hale,
MAhe padalstatiu, achee g ERYIrthouech, n h
TI hus the MIO:
BENGoutor, mmingeag VI tw:
Wind sulo '''

Seen 410 batches. last loss is: 2.457371950149536
Seen 420 batches. last loss is: 2.4473514556884766
Seen 430 batches. last loss is: 2.446960687637329
Seen 440 batches. last loss is: 2.434319496154785
Seen 450 batches. last loss is: 2.4324851036071777
Seen 460 batches. last loss is: 2.4376840591430664
Seen 470 batches. last loss is: 2.4102301597595215
Seen 480 batches. last loss is: 2.4482367038726807
Seen 490 batches. last loss is: 2.464141845703125
Seen 500 batches. last loss is: 2.4164235591888428
Model sample: ''' Yomes u atait bl to't
Covit, te G a ofowhits anled?
Lyom yor d dive yext, go.
TDUENGag, was wire.

TAD:
GTINo amiger,
WAu.
NGLA:
CUSO:
INGY:
XIFisme mofitat:
Wou t:
kers key o hanor whave peet!

Fr thoul yot ofoow beg thel blyobuth yor we; .
ARea-hat u y! t, stut nerd'de silor thitomy. mevir he sther O, herarnge titonghe ldou ththar thi.
HY:
Gerthanou y pase rs was I' IZAOfr he s y ingico, dintyoues irk rstlius iks ire geerowilotou st as h;
To ff thads a or, o le
Withond thand sayenen Goulve em'''

Seen 510 batches. last loss is: 2.4085426330566406
Seen 520 batches. last loss is: 2.4274492263793945
Seen 530 batches. last loss is: 2.398484706878662
Seen 540 batches. last loss is: 2.426044464111328
Seen 550 batches. last loss is: 2.4146461486816406
Seen 560 batches. last loss is: 2.414787769317627
Seen 570 batches. last loss is: 2.395487070083618
Seen 580 batches. last loss is: 2.423157215118408
Seen 590 batches. last loss is: 2.397684097290039
Seen 600 batches. last loss is: 2.3830699920654297
Model sample: '''ull o hind, bet mat
The me thaghell st
LOury buthen ooum

IOLLCOLAR:
You tinous Vargouseng, d ale brit, tha thanom t lil tatithe
Tulsponschie;
And s ft henorthas tho trivepiokn
I he I rseruer, t artat fowheles
Tor'dincof o, sthe le cou's kik ot bes weco ye llato I n izyontausele he byour e, refothad aind mean ber
Unce ar lose Yis etiven if ash spern heefo yisine.
Potgl ce telimatl then m ythe mat-lin aty t steryoute m?
Myenan d,
Whagendofam
'leas

DICAROLIO:
IOUT:g.
 a he.
CHENIS:

Agowat bsthal'''

Seen 610 batches. last loss is: 2.3760509490966797
Seen 620 batches. last loss is: 2.424962043762207
Seen 630 batches. last loss is: 2.398468494415283
Seen 640 batches. last loss is: 2.372004985809326
Seen 650 batches. last loss is: 2.3811533451080322
Seen 660 batches. last loss is: 2.3912882804870605
Seen 670 batches. last loss is: 2.3839473724365234
Seen 680 batches. last loss is: 2.3766157627105713
Seen 690 batches. last loss is: 2.377088785171509
Seen 700 batches. last loss is: 2.3823752403259277
Model sample: '''ry a peerte thar' sat mpre sof, lastower sse vfis area'sead;
Arer,
Noure h blo fenter thawioxts,
Tin r! mioy an'tiver a f
Hathe fomingh pooo ass chengr che, me thay or.
Thorf NERourof CAs I inghehy, ombat besie ee by grchesouthill lld
Thedes imes, aveay st men, thimy gr naknow wantme anow o mellfe
Here.
NAMRF ay bl thathinos.
G tid bll.
S:

ANGRDUENSGTENRDwo'
LINGRK:

WANENE:
IIDu
MENAUS:
NI:

Het w tetor:
I, mo mat codlthod siof, n
Anthale, my A t thrd, maremecrd; loam,
He; f y casloliss tom m;'''

Seen 710 batches. last loss is: 2.3659658432006836
Seen 720 batches. last loss is: 2.385923147201538
Seen 730 batches. last loss is: 2.3392343521118164
Seen 740 batches. last loss is: 2.3660902976989746
Seen 750 batches. last loss is: 2.3217713832855225
Seen 760 batches. last loss is: 2.363738536834717
Seen 770 batches. last loss is: 2.3650002479553223
Seen 780 batches. last loss is: 2.378239154815674
Seen 790 batches. last loss is: 2.3864126205444336
Seen 800 batches. last loss is: 2.3590316772460938
Model sample: '''n.

SIVORE:
I nes su wersilt.
LIUS:
Dod mis, to gathimy nker; wat! Ka grichimpie four f mo etlleryopor! wyoit ct,
Fornd ponerfacit,
Is tour d sipoftule nghy myou erpledininchenes.



FivisuINS:
Wous kncrco be dade hathay s tised atord mit youicld,
Aerllt ch myorspadit le, thars nco ck; coreros youin, st thedurnnernce.
Ayshiurest
Lend,
Yf:-hend cis ge'stcis.
O: nyor anfo,
Wo: his shour aa sermyowen, pend, rom myo Whis mlomy s rere urs thige p;
Nound adr myod toridicel, w!
ANay youve iond y? be'se'''

Seen 810 batches. last loss is: 2.344782590866089
Seen 820 batches. last loss is: 2.3525381088256836
Seen 830 batches. last loss is: 2.323317050933838
Seen 840 batches. last loss is: 2.3358802795410156
Seen 850 batches. last loss is: 2.330949544906616
Seen 860 batches. last loss is: 2.361258029937744
Seen 870 batches. last loss is: 2.2978577613830566
Seen 880 batches. last loss is: 2.342299699783325
Seen 890 batches. last loss is: 2.3413233757019043
Seen 900 batches. last loss is: 2.3268439769744873
Model sample: '''P!
ANDULUS:
Wu wean, ant lacon t?
C.
NUFE:


BveINOUCUS:
I:
fathen nercl witis! mal.

HINCO:
Run wixpa torenarnce, me sunt bind, o bepe my, fonan, mitrak he; mbus ge my in inmaverers.


IXin noil m eris noul ORist f sid mit mea Yoff tyotap l yo'd theprie wisere mutle pl,
An, colld t fomoruror,
Thep guls Riate somyongs,
Ledbling w tce. aingm, proyok,
Cild hiskDIUS:
Aven y ie ubepomurs n loore w yowhamy f nthobe an.
Pus wof if hovibld momant, m ofatclled may?
Beir, ir tithere beberdif wancet l Rr '''

Seen 910 batches. last loss is: 2.2935726642608643
Seen 920 batches. last loss is: 2.2895736694335938
Seen 930 batches. last loss is: 2.3210887908935547
Seen 940 batches. last loss is: 2.3032708168029785
Seen 950 batches. last loss is: 2.3088743686676025
Seen 960 batches. last loss is: 2.2914271354675293
Seen 970 batches. last loss is: 2.2979276180267334
Seen 980 batches. last loss is: 2.3094444274902344
Seen 990 batches. last loss is: 2.3006558418273926
Seen 1000 batches. last loss is: 2.2731614112854004
Model sample: '''nt it's bundt Mearmt oth mom,
The'Th thome sut kne I neatar coms buse tha fomis
Sie, Ro thall histurn, orwtl I the traney sheant.

OUCO:

ARUCENID:
I t he o thithe w ourery, an, dare crin hangh shemus my re lous siveagh,
doove cave's thendethe de andea bristt donghat y I
Moou I yow alow babece ou of sorea we'ducch careard avey oimy iveveds,
Whangyils o-mang,
Vesusoneaninte tinind le stheatou, ofur:
Gomy levavosaioulded ounses ombennghtts t.
gny perea fulthainour on,
Toure.

BEORCORUELLO:

AULAFR'''

Seen 1010 batches. last loss is: 2.253157138824463
Seen 1020 batches. last loss is: 2.274740695953369
Seen 1030 batches. last loss is: 2.249709129333496
Seen 1040 batches. last loss is: 2.2619287967681885
Seen 1050 batches. last loss is: 2.2654025554656982
Seen 1060 batches. last loss is: 2.247406482696533
Seen 1070 batches. last loss is: 2.2651147842407227
Seen 1080 batches. last loss is: 2.220065116882324
Seen 1090 batches. last loss is: 2.2177772521972656
Seen 1100 batches. last loss is: 2.240417957305908
Model sample: '''mu? gonior fif titir, dorixtt the gof my thangellme, tho ist; too wert trthy path
, era
ATh hea Rist I seicirest uce myor anch y sofo
Wil yotineangees. tho are lea houn heel
I's, mat ben ha thevese nome theth
A ge thacth I de wnfourbeir; whaig ho the Pouth thest, caff thet tr yowep theds the beerd th cralond
thurl he wil thofem? ouse pret meam dliste wape berd sind,
Jurteent thet woportr she lo the'lf fow hey bifiod ilwaninared htomave,
Ad ond dowh bepl dea af, than--
Madstest waind hidnf ndind '''

Seen 1110 batches. last loss is: 2.223665237426758
Seen 1120 batches. last loss is: 2.236520528793335
Seen 1130 batches. last loss is: 2.220956563949585
Seen 1140 batches. last loss is: 2.2049152851104736
Seen 1150 batches. last loss is: 2.204181671142578
Seen 1160 batches. last loss is: 2.207160472869873
Seen 1170 batches. last loss is: 2.181687355041504
Seen 1180 batches. last loss is: 2.187077760696411
Seen 1190 batches. last loss is: 2.1908836364746094
Seen 1200 batches. last loss is: 2.141932487487793
Model sample: '''gs gadom.

LUCHERbe:
The Hecove he wind Cid heed ie word at und han dis flintheses!
Goregh My Gos warthingn ore theled.


PENThe:
Tho aut herer forth hemers ne theallld: ewabe; cap suvis.
Lou buener.

STROKINCEET:
Ded ethr the, icke, yorn do thingngh tol sow is dete ontherert.

KIO:
Gorend; fe, heshy, mou shech, abe whake suilct yoo
Whall? ill, Manghe yom ilil's Wime'lou?

Nou I serear uou.

GaES:
Saunciche, tofr:
Lave; whad Po thears lan thelldly. ilou wour Gwoke?


RUEOLY VEY:

Cavubrit che iz'''

Seen 1210 batches. last loss is: 2.217897415161133
Seen 1220 batches. last loss is: 2.2106122970581055
Seen 1230 batches. last loss is: 2.2069790363311768
Seen 1240 batches. last loss is: 2.1801607608795166
Seen 1250 batches. last loss is: 2.2279670238494873
Seen 1260 batches. last loss is: 2.1754846572875977
Seen 1270 batches. last loss is: 2.1661312580108643
Seen 1280 batches. last loss is: 2.1768198013305664
Seen 1290 batches. last loss is: 2.1953210830688477
Seen 1300 batches. last loss is: 2.214038848876953
Model sample: '''vey, me, neey cis weny'd?

HAUCE:
The we soff: sournd thy ibe thit the hagicthth wour
Sere noues my, she sole in ife grovese fir'd apoow
thelcts, thisth blis Oul hevers hak moours?
LAshtiong owht rendut bus;
prourd?
ATANUTA:
A geend, thor, cund and thets and thethe!
Whlelldo, brat you sme wis,
Yoer ris feisscerr urey?
O. RCETERD:
I hink Ae! he hirt'd hoffu wicke gauslis thrune, orer: ans GUne brounirs.
Ay ceak yomow a by whan, clistem?

FUSELY IIXENIES:
Bod By de but thoom cost feans detou o.
As'''

Seen 1310 batches. last loss is: 2.164872407913208
Seen 1320 batches. last loss is: 2.157118320465088
Seen 1330 batches. last loss is: 2.1878662109375
Seen 1340 batches. last loss is: 2.187225580215454
Seen 1350 batches. last loss is: 2.1629440784454346
Seen 1360 batches. last loss is: 2.16440749168396
Seen 1370 batches. last loss is: 2.166705369949341
Seen 1380 batches. last loss is: 2.141578435897827
Seen 1390 batches. last loss is: 2.1661481857299805
Seen 1400 batches. last loss is: 2.1418535709381104
Model sample: '''u met hin sorswh whathms's.

KARINT:
Sthas ill prownge
If lunthe, in: shourbl a pam hat spline way dird,
And Like ath's yovoth hich pratr intesg;
af go the's 'sou gonded, tour blang my tove,
Freet wis ks is apesin tarmequ: od head I nend,
Weat's he gis ow in trine,
Ind Crerme's ritth
Widsoin mugst sie bak shathes,
Gil non o brent therd what's a my ca and'd what prech
Whaldindy hish alir fok ee as I
The iking, o bead shat of thingh shis
O, tray acke:
Whin by pry serrik, I mys hay fat?

KE:
V:
For'''

Seen 1410 batches. last loss is: 2.1495306491851807
Seen 1420 batches. last loss is: 2.1562700271606445
Seen 1430 batches. last loss is: 2.1458258628845215
Seen 1440 batches. last loss is: 2.1488537788391113
Seen 1450 batches. last loss is: 2.138928174972534
Seen 1460 batches. last loss is: 2.1400880813598633
Seen 1470 batches. last loss is: 2.1766538619995117
Seen 1480 batches. last loss is: 2.1158652305603027
Seen 1490 batches. last loss is: 2.1478052139282227
Seen 1500 batches. last loss is: 2.1350131034851074
Model sample: ''',
Wes mor wh-talll he as Olair.

AUJUS:
I frd'ly thavin ams ceay.

CORORSBZAY:
Hay; shar wins, a gote. Ant tho? ha

KISThar, fou:
Oju: my, alit wand by wise land havep thaved merst mourt nore
Whe, hot hue, 'this mies the? far: pon,
Ans weey Gomer he fawin oiu.

LISTIERF IN I Bourly? Jundilf:
Tou den, bus r,hat sha' mant, lofthe thatst butced hom,
Tharn Sand, merere, she ofow whor I hiss
The blontthy shathe, weit tsairr
Cow Dranerit ancroms tit andnseaingme, orencher,
Shem he arrshem Ist--for'd, '''

Seen 1510 batches. last loss is: 2.14581298828125
Seen 1520 batches. last loss is: 2.1351680755615234
Seen 1530 batches. last loss is: 2.1429011821746826
Seen 1540 batches. last loss is: 2.1265101432800293
Seen 1550 batches. last loss is: 2.10441255569458
Seen 1560 batches. last loss is: 2.0940542221069336
Seen 1570 batches. last loss is: 2.117910861968994
Seen 1580 batches. last loss is: 2.0988242626190186
Seen 1590 batches. last loss is: 2.1066884994506836
Seen 1600 batches. last loss is: 2.046593189239502
Model sample: '''w dengok cemy his ifilon: twher
Whick he ladind; do mond, out somene
O condsee'd fut thay, wal I pay wir thoured,
Ofth wo, nore nay at it hys once.

SADHENUE:
Taiod, I leathenes, wo whe gild hater in ho qunot;
Mave bot to sof how will secut. Vowste: his bous:
Ind whe thath wegnce it sthou kee, whit mtin?

WPrILINCKET:
Blat, ely susge, thingh Ther:
IsI pave to dee thaw I Goriad
Seeatiod the ince sine Cor beals le.'sth, the ozer,
As wemoy omet wave I prarstl the yous,
Seir shen and kis fore bearad'''

Seen 1610 batches. last loss is: 2.0491132736206055
Seen 1620 batches. last loss is: 2.0991578102111816
Seen 1630 batches. last loss is: 2.0932719707489014
Seen 1640 batches. last loss is: 2.102949857711792
Seen 1650 batches. last loss is: 2.0864381790161133
Seen 1660 batches. last loss is: 2.087614059448242
Seen 1670 batches. last loss is: 2.1071228981018066
Seen 1680 batches. last loss is: 2.0674939155578613
Seen 1690 batches. last loss is: 2.0756540298461914
Seen 1700 batches. last loss is: 2.069308280944824
Model sample: ''', doul with kno dood by cot-'Bpe I widhfsh haild vear
Thiten fosel in I't tin Bueced Tand youll the,
The coume iser donccressing hin Gioorsy gasoong.

AUCHARAL:
Haned comed the to-his sus, thy I heanter beve.

VINKERCUTANCE:
If cea cralfur sorpud there ine sured mew-sit.

AUS BPrecentenss:
You therps the to by encoot not cemous sur lath?
Wim pee brjeghen:
Prindstices ketie, mot'd
Ficond the free woul I'led womse fingust dris Raged
Maritie of be heag feimek.

PEAY Cloucung hy relf of that nery mu'''

Seen 1710 batches. last loss is: 2.0344815254211426
Seen 1720 batches. last loss is: 2.0725979804992676
Seen 1730 batches. last loss is: 2.0678725242614746
Seen 1740 batches. last loss is: 2.059281826019287
Seen 1750 batches. last loss is: 2.052989959716797
Seen 1760 batches. last loss is: 2.0616836547851562
Seen 1770 batches. last loss is: 2.063729763031006
Seen 1780 batches. last loss is: 2.0396957397460938
Seen 1790 batches. last loss is: 2.0319783687591553
Seen 1800 batches. last loss is: 2.0427117347717285
Model sample: '''us as by my a swor tine nearl ache.
Thou toureser mames houlang for; willf sur:
Fom ollf his, ind asmmy mied mose,
He yourds, and wich thy wom, is do
ad delche? Licer bowes, ther, veerer the;
Tore hanre gore to acext kis a agrown:
Mathcow' not.
GLINGANES:

MEOLAND:
And swor:
My hour, my!

LANNT:
BSTa, gose, with, gaird besion:
O reaivste renemiom, le swatt!
Thy myst lhe hist noth nor aruchel;
Anveck, your, we hig in there,
Boons she that po a, ey traced iny arce loich
Ad menthenen and full be. K'''

Seen 1810 batches. last loss is: 2.0588955879211426
Seen 1820 batches. last loss is: 2.047369956970215
Seen 1830 batches. last loss is: 2.005699634552002
Seen 1840 batches. last loss is: 2.002751350402832
Seen 1850 batches. last loss is: 2.013974189758301
Seen 1860 batches. last loss is: 2.037820816040039
Seen 1870 batches. last loss is: 2.028268337249756
Seen 1880 batches. last loss is: 2.0598902702331543
Seen 1890 batches. last loss is: 1.9997150897979736
Seen 1900 batches. last loss is: 1.9905414581298828
Model sample: '''wed, vat incownd thee not, seins caplow.

JUSAS:
To anol, Bows anot do gefathte, Sare the to somer lare?
It take word fan it for with haderk'd grad's stost frerent
Abry vacin ifure buteds to toersthens theer?
Wirer, tus an think, you faucillfon
Ond aboun doony, thears a sire tre to abe foreng she an a eery
To ournan to kiffus, fo blat in kid he cauccur sook.
I dassh dige to Bidverter my ligd to in in:
Whey peabrian ame the ore houngh hinesh foshing fauje of
wouchth, havor no thald pearing upar.
'''

Seen 1910 batches. last loss is: 2.040605068206787
Seen 1920 batches. last loss is: 1.9856274127960205
Seen 1930 batches. last loss is: 1.9662549495697021
Seen 1940 batches. last loss is: 2.0080528259277344
Seen 1950 batches. last loss is: 1.968698501586914
Seen 1960 batches. last loss is: 1.9759682416915894
Seen 1970 batches. last loss is: 1.9736311435699463
Seen 1980 batches. last loss is: 1.9647401571273804
Seen 1990 batches. last loss is: 1.9818634986877441
Seen 2000 batches. last loss is: 1.9972541332244873
Model sample: '''mar se pechinth's sale:
Fam her off my begavet geatemsha conceced
AndBurest his gout, fratul lotht thy guctled
Heirs alloved is cospianas.
The you nomerandon: the that uppiainrs to hast I that,
Feer what by class and whemnd, in
As to end and haves the knem prorss: I'lll by,
Yech rid lik Feren e'sou,
I wrass chal famert; and I's for your ruspit
A I for andeto withes trown sallmaoc.
That how she dend mad in goond.

GUKORULER:
Thend, god:
Prereleates, goonleml,
Now wend you,
Hat me, tho, at? Carese'''

Seen 2010 batches. last loss is: 2.0181057453155518
Seen 2020 batches. last loss is: 1.9713454246520996
Seen 2030 batches. last loss is: 1.9561471939086914
Seen 2040 batches. last loss is: 1.9443750381469727
Seen 2050 batches. last loss is: 1.9593909978866577
Seen 2060 batches. last loss is: 1.9580649137496948
Seen 2070 batches. last loss is: 1.9429435729980469
Seen 2080 batches. last loss is: 1.9630858898162842
Seen 2090 batches. last loss is: 1.9784929752349854
Seen 2100 batches. last loss is: 1.9371204376220703
Model sample: '''w to umet whoqoall
Hee beg thald: deenn.

MEDY RINCHELIZABBLARY you, patur.
I mat nellied blatly lod, andd so;
An fe I you my colente luthet I damer and haser
Whou cuppoules an! has chee swere gizer'd dizent think
san treh sowntar to swellan, the my gir pepreaptiaio.
I Plaftsery:
I whoer apous, forrsow heish lorfears ut lovidle;--
Frealeg On suente. I, the tols lewncere
Luthe so hegheful's abag bothe of tought for my
Bringut of the thime that it hemers,
J itreres ther pyerd, wenleoted, frels
The'''

Seen 2110 batches. last loss is: 1.975002646446228
Seen 2120 batches. last loss is: 1.9348750114440918
Seen 2130 batches. last loss is: 1.9650979042053223
Seen 2140 batches. last loss is: 1.9613287448883057
Seen 2150 batches. last loss is: 1.9409677982330322
Seen 2160 batches. last loss is: 1.9733713865280151
Seen 2170 batches. last loss is: 1.8934533596038818
Seen 2180 batches. last loss is: 1.94215726852417
Seen 2190 batches. last loss is: 1.9367341995239258
Seen 2200 batches. last loss is: 1.9587490558624268
Model sample: ''', I Bukie selvicentiol
At die autr'd bere, so love im
sher so deendeafers, I foul be heather.

That too to hems and to beme swighond thooulerd
brencichss fich wead with wilt frot
To thim lee good, but kiny wo and mime
To'd him swet 'go fay seallfow Cice you,
Arich, what car cesprode
To paky ree Stive go
Nor Brish: ape willl lo mad,
He'll dwat thatg.

RIMESS Fir:
Yeith nay vece in rinty him.

Sepen Clivowi-not take lat you for hys thid kile
Coll with ranvak, shillen ipavenus sutcer ans:
But as yo'''

Seen 2210 batches. last loss is: 1.912257194519043
Seen 2220 batches. last loss is: 1.927811861038208
Seen 2230 batches. last loss is: 1.948730230331421
Seen 2240 batches. last loss is: 1.941420316696167
Seen 2250 batches. last loss is: 1.8846640586853027
Seen 2260 batches. last loss is: 1.9082609415054321
Seen 2270 batches. last loss is: 1.882513403892517
Seen 2280 batches. last loss is: 1.949049711227417
Seen 2290 batches. last loss is: 1.9486868381500244
Seen 2300 batches. last loss is: 1.8962533473968506
Model sample: '''w commele?
Wast sword begest I quear doth,
Ho ay is themesion.

LASONT:
Hichy foor brise, and yoer ald
Som ind han into mapesese lives:
Thooe fet vay som'dily and a usay:
So you of hiser it pirtit of is sultinclent
Alor: 'bariveae, and hise. the angaiet
And asele be nik thet it fally and them all-mys wamits
An and bany for gid, by sortnnerin. 't all mork;
Whey shall whenarer pruttio;
As knot inguing whoull app, the enfedsorsllon bath.
He yow naght suklice oft. they as Buckging and Your.
It hat a'''

Seen 2310 batches. last loss is: 1.8770930767059326
Seen 2320 batches. last loss is: 1.8848365545272827
Seen 2330 batches. last loss is: 1.8584065437316895
Seen 2340 batches. last loss is: 1.8732244968414307
Seen 2350 batches. last loss is: 1.8815717697143555
Seen 2360 batches. last loss is: 1.8711917400360107
Seen 2370 batches. last loss is: 1.8888108730316162
Seen 2380 batches. last loss is: 1.8506712913513184
Seen 2390 batches. last loss is: 1.8631556034088135
Seen 2400 batches. last loss is: 1.8680802583694458
Model sample: '''w noth? he dasen? Mastre allatI's you swen;
Thou me kingnes at grick rinik, this gand to may;
Thy butt agn her why wor many in this dit;
Then fors; where blihm quien and thio trungtle
Hangeht wort my thath casubak that preat?
Heren die theat will him broing in it
the reishing a my distck hisen tin,
And wemenst of sardlil bratoty yom:
Fethepeat of varterly on maden our harl,
Hat to his coule, go ah nighof mele has gut,
An Evil Thisher mats tmaind of will tin?

Farsunt O's me fathit renttled truss'''

Seen 2410 batches. last loss is: 1.858206868171692
Seen 2420 batches. last loss is: 1.8443834781646729
Seen 2430 batches. last loss is: 1.8629337549209595
Seen 2440 batches. last loss is: 1.8689963817596436
Seen 2450 batches. last loss is: 1.819854736328125
Seen 2460 batches. last loss is: 1.884297490119934
Seen 2470 batches. last loss is: 1.8832820653915405
Seen 2480 batches. last loss is: 1.8258997201919556
Seen 2490 batches. last loss is: 1.831294298171997
Seen 2500 batches. last loss is: 1.822998046875
Model sample: '''u spousell mead soulfow bet,
If fronctlure griang yout excolty, ney,
As were gry Zorcece:' foor not.
It now You boods inch almat: we is lady sbele
Be the many havesest, and be faughty dee.

BRCATIGAE:
He qGoot vall ancy all? Leard you know;
I kelt see Cont it falfun usee
Your with Will Lengencten, it an dithel' sofort's
I would. Go the my Constereal
Mead thy tou wrond Botert.
The know you joughting thinge:
Which snoy more have aterind their you sortied.!

VICKERRY VINCENS OF AUMBRPES I
DYORD BIV'''

Seen 2510 batches. last loss is: 1.8400754928588867
Seen 2520 batches. last loss is: 1.8332667350769043
Seen 2530 batches. last loss is: 1.8113354444503784
Seen 2540 batches. last loss is: 1.8585848808288574
Seen 2550 batches. last loss is: 1.8511391878128052
Seen 2560 batches. last loss is: 1.829953908920288
Seen 2570 batches. last loss is: 1.8424243927001953
Seen 2580 batches. last loss is: 1.854419469833374
Seen 2590 batches. last loss is: 1.8502461910247803
Seen 2600 batches. last loss is: 1.7768597602844238
Model sample: '''u their as will heave not opprig
Rome speare it chardent; rind af your with a the pe.

MENIO:
He in hime once, antors meake be depaites
Thr.

HENRY:
And I Junteret froreng andsue
Than truced ways hinds a ho'dut say give ingle.

ANNILO:
I whim bloode, sill it preatorece our ure laddosss:
And vartreviows carreveb the how dibocth,
And thou barrant-as.

GREN RUCHIO:
Not farstrand him, pale be.

IVOLILLLIUS I
If yourer now? The what thy we, ray
each liver, for hre unrfoncet.

AKING HORKING
IV:
Gannoo'''

Seen 2610 batches. last loss is: 1.797635555267334
Seen 2620 batches. last loss is: 1.7983074188232422
Seen 2630 batches. last loss is: 1.806283950805664
Seen 2640 batches. last loss is: 1.8153178691864014
Seen 2650 batches. last loss is: 1.8379688262939453
Seen 2660 batches. last loss is: 1.8097103834152222
Seen 2670 batches. last loss is: 1.811645269393921
Seen 2680 batches. last loss is: 1.7929154634475708
Seen 2690 batches. last loss is: 1.8225765228271484
Seen 2700 batches. last loss is: 1.803983211517334
Model sample: '''ting mortoith;
Precew, I have mist, If there brofory
tim perpak lavitorlessirs or not to candelly to
Sere being if to for purces for holied.
But more trener upan exitaged you it,
Go, fargint hinow or fambier you; with ist they am
so sighte in and sty swepor's none loves,
Ons teen by have swaingw. Mist thou ownd,
Romes, muse iny themeh, a the come;
For Buity whath which they the uspon by they
Incly widy that flors and that not sling,
Cond your thout and to me lose and your my swaght
Hen seepeny o'''

Seen 2710 batches. last loss is: 1.720005989074707
Seen 2720 batches. last loss is: 1.7408030033111572
Seen 2730 batches. last loss is: 1.7342710494995117
Seen 2740 batches. last loss is: 1.7826752662658691
Seen 2750 batches. last loss is: 1.799872636795044
Seen 2760 batches. last loss is: 1.8138786554336548
Seen 2770 batches. last loss is: 1.7915000915527344
Seen 2780 batches. last loss is: 1.8168137073516846
Seen 2790 batches. last loss is: 1.7436184883117676
Seen 2800 batches. last loss is: 1.7783222198486328
Model sample: '''r-pleang.
A your and kingeng trusing oway.
Or for Aultion than blost-france,
Ere by have compome all sonst brie heoin that magwes,
Then as whing nagetond. us; lef, you cargety;
'cals not bet kno but comTiousy.

Some Sicce the farte, mall; pinth stair's be!
That I and spergean's of back. Be blieng?
Now By Auch a a peacelious wetha
Mathered what fortleed, off the ell
Incep no HarQOrast, have the is tis a it,
Will offord: of king toucre, I'll I heref;
It, make will have maker? shen jen Livius
To ma'''

Seen 2810 batches. last loss is: 1.8039603233337402
Seen 2820 batches. last loss is: 1.7221815586090088
Seen 2830 batches. last loss is: 1.794384479522705
Seen 2840 batches. last loss is: 1.7526845932006836
Seen 2850 batches. last loss is: 1.7564592361450195
Seen 2860 batches. last loss is: 1.7764931917190552
Seen 2870 batches. last loss is: 1.7620118856430054
Seen 2880 batches. last loss is: 1.7532250881195068
Seen 2890 batches. last loss is: 1.7532703876495361
Seen 2900 batches. last loss is: 1.7297537326812744
Model sample: '''w--
gravious Milest as your As firs.

ANGELO:
O, hreak, grout good hasablacents healds at empown:
Whas Hoad can tadges to nor oway thee?

AN CAUss:
Was say, a thy sure, bet tell! as sid,--

HENRY:
Can thafert you would thee no the dostrehel
Here as but Throw weath or the low the you.

FRIA Lond YORKIIN Of Duke that the any to not gibee:
I my onat your sought dodgen's you, like,
Ank, now, we, with four the sukend, nig you,
Thalm, and, sus cor, ave bee stove.
Jait! thouch, all Dit to couse at stom'''

Seen 2910 batches. last loss is: 1.7132943868637085
Seen 2920 batches. last loss is: 1.7977447509765625
Seen 2930 batches. last loss is: 1.7599624395370483
Seen 2940 batches. last loss is: 1.7656662464141846
Seen 2950 batches. last loss is: 1.750268578529358
Seen 2960 batches. last loss is: 1.7251850366592407
Seen 2970 batches. last loss is: 1.7198692560195923
Seen 2980 batches. last loss is: 1.770216464996338
Seen 2990 batches. last loss is: 1.731135368347168
Seen 3000 batches. last loss is: 1.693341851234436
Model sample: '''w him.
Fithingst croe, the bech the you staigonem.
And meN me knee; Gently shere, man corcore
And one, suff's my man I we'll to; I sealtey!

VONENIANUS:
Colland, I warethin westeeils!

PETRUSIO:
The whrefum praicsud, all stand you keep
Whoselve mute she with butt this yourrthy ongetnis
Whinous warward wish be thou glane sware alms.

JULIET:
Sancer, this sont Oll chinty wereseion, to a fetstler;
As the know my his her beasted; us you see!
Conizes lithe! and on marckno leid wifes,
Puthersend onto '''

Seen 3010 batches. last loss is: 1.7391808032989502
Seen 3020 batches. last loss is: 1.7504011392593384
Seen 3030 batches. last loss is: 1.6674751043319702
Seen 3040 batches. last loss is: 1.7461748123168945
Seen 3050 batches. last loss is: 1.7252368927001953
Seen 3060 batches. last loss is: 1.7394945621490479
Seen 3070 batches. last loss is: 1.7759515047073364
Seen 3080 batches. last loss is: 1.7402921915054321
Seen 3090 batches. last loss is: 1.7412402629852295
Seen 3100 batches. last loss is: 1.7242200374603271
Model sample: '''wint then trepeadstion. Beling, make tothe wifel,
For Powd I leass-he hoped eyernt-are her o'er.

SIBELUS:
I thou'g, you do feasorle, it we mast, yer a ney vient;
Wid lettivions I him life.

STEBOLLAN:
Aland it that, you eaccitio: an you, sichourd; I you, his muslag,
Ease truct the farner the lord hate mart me;
And me disenerine the morrre; thou mustain'stay.

PETRULIO:
O, your done with from anot have of nu usp malost I sins,
And, she too isee is hert must sernrather,
And shall moch and enempat'''

Seen 3110 batches. last loss is: 1.736356258392334
Seen 3120 batches. last loss is: 1.7475690841674805
Seen 3130 batches. last loss is: 1.7461950778961182
Seen 3140 batches. last loss is: 1.7250280380249023
Seen 3150 batches. last loss is: 1.6427773237228394
Seen 3160 batches. last loss is: 1.7160415649414062
Seen 3170 batches. last loss is: 1.7203822135925293
Seen 3180 batches. last loss is: 1.7156505584716797
Seen 3190 batches. last loss is: 1.6965715885162354
Seen 3200 batches. last loss is: 1.6898771524429321
Model sample: '''ls, this heard. moy makel?

PRY:
In, mask'st I, will at reveher.

AMad are his vickeouon:
Hip you Richme young me will we we's time
Tuch nevek prince as solds his strierss,' that Oxed:
Was liefeds which undeen troublouts: dough they my conver'st
Rilly for thee grescaing the your good;
Her dont the deed this bruth, Prose stand
That onports, no luiing my the his my nother
Comenens deathips. Contior muselfored orf.

MORGEO:
How thing, you love the muther brave
Throu was must frewmas father'd: take''''

Seen 3210 batches. last loss is: 1.6794923543930054
Seen 3220 batches. last loss is: 1.7680531740188599
Seen 3230 batches. last loss is: 1.6955515146255493
Seen 3240 batches. last loss is: 1.6715481281280518
Seen 3250 batches. last loss is: 1.7533173561096191
Seen 3260 batches. last loss is: 1.6777629852294922
Seen 3270 batches. last loss is: 1.675246238708496
Seen 3280 batches. last loss is: 1.7007319927215576
Seen 3290 batches. last loss is: 1.7077107429504395
Seen 3300 batches. last loss is: 1.668348789215088
Model sample: '''whed sativeanss.

TRANNIO:
Peot with day, I love thrum more houm to enpove.

BENVOLIO:
Ay art he comse them 'twined arm treoum,
tamell holving offrience.

Second Segar:
The live thim make at enjoingbe inion tates,
Commanaiese---hope cals dil. Guomen of fawerie?'T discresing:
That tan thisares.
The now it: send.
In shoul tray word wills dervingmag cousins, will pinjest as take:
I and but not, for istil'd not's came roase.

I manVON, thim dat sid me, survalore o' plince to feam,
To shalan where pu'''

Seen 3310 batches. last loss is: 1.6618969440460205
Seen 3320 batches. last loss is: 1.6902146339416504
Seen 3330 batches. last loss is: 1.6562117338180542
Seen 3340 batches. last loss is: 1.70881187915802
Seen 3350 batches. last loss is: 1.6511058807373047
Seen 3360 batches. last loss is: 1.6591763496398926
Seen 3370 batches. last loss is: 1.6986865997314453
Seen 3380 batches. last loss is: 1.6333544254302979
Seen 3390 batches. last loss is: 1.6375843286514282
Seen 3400 batches. last loss is: 1.6167633533477783
Model sample: '''ur yourselfe'dself;
Was thou genin unter the thanke abonnouy one lave,
Thate, 'the sinnengedore his at ourse thise tows:
'Lovestap shilly was sould: I seem, Camece dukee:
At desprining to her soueth.

Will, love renoct in so voitoly more lovery you,
A plantemy I wam and light migher,
If blive poor fam i' butt-so dany!
Or, butth, thath leave your accrofuls rups, have
Her, where trovicicains ben and giettred.
Never the hour subjuing men sto it: come.

Nexight thy hath are goon broy, for thou heir '''

Seen 3410 batches. last loss is: 1.6619071960449219
Seen 3420 batches. last loss is: 1.6633100509643555
Seen 3430 batches. last loss is: 1.662625789642334
Seen 3440 batches. last loss is: 1.6724352836608887
Seen 3450 batches. last loss is: 1.6790074110031128
Seen 3460 batches. last loss is: 1.7057476043701172
Seen 3470 batches. last loss is: 1.6822659969329834
Seen 3480 batches. last loss is: 1.6816447973251343
Seen 3490 batches. last loss is: 1.6197949647903442
Seen 3500 batches. last loss is: 1.6655607223510742
Model sample: '''are lond wormst, awake gardan,
Blege to gond to patteraven his rleashfful, our bleed reat
This impacish of dame Edward to rusp't as faith,
And sling and her fielt's hand nair romself?
'Tis pOft and make and jorok thears,
My drondled fhath that sharre juighed:
At, tarer canns up the the than, or Our comes
That my boles too bine thes't seepty dreeph
Veoicable pracart and such stouth's my fathed
Turn mist her then evoch and my andvand dan;
Whath the buest congre, for thy hasbied
Is enced not sendem'''

Seen 3510 batches. last loss is: 1.6743693351745605
Seen 3520 batches. last loss is: 1.6940350532531738
Seen 3530 batches. last loss is: 1.70719313621521
Seen 3540 batches. last loss is: 1.6418001651763916
Seen 3550 batches. last loss is: 1.612586498260498
Seen 3560 batches. last loss is: 1.674742341041565
Seen 3570 batches. last loss is: 1.5772294998168945
Seen 3580 batches. last loss is: 1.6721779108047485
Seen 3590 batches. last loss is: 1.6567068099975586
Seen 3600 batches. last loss is: 1.639329433441162
Model sample: '''wed thy swors elpler to soul flind.
By you benoth your have compace of thine:
O throe; and to am and bofew, there!
O house on the deat of our a trother troogh:
And they beent do uncheer Lace, what stoouth of tille.
Nod whose plound ilm, gentles: I somme bestiles,
Offes you wand inly arew of his beforest
parden good onche? the entiler ustrower;
beforcak welce me peditamo him.

DUCLENTIO:
I was sirys doublers himself will, sust of perfil,
Aftwien, bend thath landlike toband
Not himes-sleat growns '''

Seen 3610 batches. last loss is: 1.6190860271453857
Seen 3620 batches. last loss is: 1.6069557666778564
Seen 3630 batches. last loss is: 1.6619677543640137
Seen 3640 batches. last loss is: 1.6542667150497437
Seen 3650 batches. last loss is: 1.669083833694458
Seen 3660 batches. last loss is: 1.5942811965942383
Seen 3670 batches. last loss is: 1.6021654605865479
Seen 3680 batches. last loss is: 1.655541181564331
Seen 3690 batches. last loss is: 1.6323063373565674
Seen 3700 batches. last loss is: 1.6310441493988037
Model sample: '''wif me downeres;
'Yet the himser would preased his a shall
Though of orlouzed day, soppy of Lordand.

CAMOPSONEY:
None met broyal? I come the desil--
Beet thim so, sott high with this beind to shal
a how Boint with pould he duke best, For of may
Inard one a leave old,---

LOMEN ANVEY:
As nothind spreateding all: no face.

Kerere us you contind:
I with me, Comer; fith, the not friend came dotht
An into from are spoor youth take in pitson your too fithe
Busirint; whith sommer he dead not depain,
A'''

Seen 3710 batches. last loss is: 1.6695749759674072
Seen 3720 batches. last loss is: 1.65690279006958
Seen 3730 batches. last loss is: 1.627066731452942
Seen 3740 batches. last loss is: 1.6547495126724243
Seen 3750 batches. last loss is: 1.6282697916030884
Seen 3760 batches. last loss is: 1.6347413063049316
Seen 3770 batches. last loss is: 1.6315827369689941
Seen 3780 batches. last loss is: 1.6588128805160522
Seen 3790 batches. last loss is: 1.6474800109863281
Seen 3800 batches. last loss is: 1.6352317333221436
Model sample: '''y likene so place: do whith ho's grang,
My gront the has you long coulse,' tell be father,
this commoran?

FRIAR LAURENCE:
Some our me?

COMINIUS:
My are Hererd, for you to Churceio,
What faull ret I wortch offil my teir
this not welcome dath musing a bastam.

FRIAR SLAREND:
You will 'En knee my will I mhan, my draigh,
Than mout-prety Kand From a wortta--
Kereeptor Is thou strainty?

MERCUSIO:
No appy our requee, for who atil make will stain sea.

LADY CALI$o Man, 'Romes, toll thy a did great me'''

Seen 3810 batches. last loss is: 1.6047605276107788
Seen 3820 batches. last loss is: 1.6167078018188477
Seen 3830 batches. last loss is: 1.6296087503433228
Seen 3840 batches. last loss is: 1.5822832584381104
Seen 3850 batches. last loss is: 1.6326191425323486
Seen 3860 batches. last loss is: 1.6261396408081055
Seen 3870 batches. last loss is: 1.5775234699249268
Seen 3880 batches. last loss is: 1.6266740560531616
Seen 3890 batches. last loss is: 1.6309115886688232
Seen 3900 batches. last loss is: 1.5726711750030518
Model sample: '''ud me with beink;
It patties and call'd chancess comment the wither.

KING RICHARD II:
Thereforel.
Which thum ejud ofseronce haw roof:
I did your things despaide and her to your with how
And with hee such haltenings thyselcity me love?

GLOUCESCE:
That sheep.

WARWICK:
Adwhy, heNce ofce heisof!

DUKE OFORD:

GREY:
Now, and, threfough said nother; you, sir, I pay,
hand a? pat the die.

HENRY BOLINNO:
Althes tong sisterenion. Marsired!

BISABELLO:
Far you fronds beefore, from myselvile'd,

God Hon'''

Seen 3910 batches. last loss is: 1.642491340637207
Seen 3920 batches. last loss is: 1.6435683965682983
Seen 3930 batches. last loss is: 1.6274901628494263
Seen 3940 batches. last loss is: 1.5527541637420654
Seen 3950 batches. last loss is: 1.5922634601593018
Seen 3960 batches. last loss is: 1.5764771699905396
Seen 3970 batches. last loss is: 1.5929837226867676
Seen 3980 batches. last loss is: 1.5996150970458984
Seen 3990 batches. last loss is: 1.6147722005844116
Seen 4000 batches. last loss is: 1.5939732789993286
Model sample: '''w as very not
Bamen read of ut enow stall, Duke agains give
Thy buttert, the servectil of him men
Oftited I sway or thence: it my loss;
With that is a Vourtio
To love up jurcistime: to buttentn bett,
Nor an such be shall morrssely; I proized I harst
From cause the is, frowock's my visolurs be thine,
Alls, proke with to maick, drety this,
Your will'd you waset beinds
Than want Marcts 'souns abony horse cound.
Fert secruse revings range you wronds thee:
Trrust make in greate of purgam it, but
And '''

Seen 4010 batches. last loss is: 1.567115306854248
Seen 4020 batches. last loss is: 1.613185167312622
Seen 4030 batches. last loss is: 1.535264015197754
Seen 4040 batches. last loss is: 1.6388530731201172
Seen 4050 batches. last loss is: 1.5873584747314453
Seen 4060 batches. last loss is: 1.5591084957122803
Seen 4070 batches. last loss is: 1.639349102973938
Seen 4080 batches. last loss is: 1.5733168125152588
Seen 4090 batches. last loss is: 1.5784651041030884
Seen 4100 batches. last loss is: 1.602137565612793
Model sample: '''w thy sude-man like then. Whiles, must mine me, what I but
That preping news him outher, let oatr'd what patience.
Here, therefe noting as bark.
My I lovinglinance, his joung his a so.

CLARENCE:
And a bidter your be, prumise implel; make not find
with stireng tray Hathernes: bong useet my kildne
I name in worm under mine the plode of then.

ISABELLA:
What shall an gardew prothess, be this though gads
To thy protce mectred dectonn's in ban:
Nay, but hoar shall the joherigness!
Hey be the discon.'''

Seen 4110 batches. last loss is: 1.6024143695831299
Seen 4120 batches. last loss is: 1.5642088651657104
Seen 4130 batches. last loss is: 1.6032633781433105
Seen 4140 batches. last loss is: 1.569666862487793
Seen 4150 batches. last loss is: 1.5753382444381714
Seen 4160 batches. last loss is: 1.5543203353881836
Seen 4170 batches. last loss is: 1.5162657499313354
Seen 4180 batches. last loss is: 1.56070876121521
Seen 4190 batches. last loss is: 1.6014660596847534
Seen 4200 batches. last loss is: 1.599473476409912
Model sample: '''wall: livia's age
Think'd were the he name.

NORTHUM3 KING RICHARD III:
I leave the have it cromed's for this valit
hast you worly, I death Proveredd,--'Tis,
Care roveno of your contunce bloody--
For ELvenger, no ply, the kind me mise see
Sice commage of eyerses in poor theirs,
And, for enember in: who.

ORDUS:
What's have now'stis; now!
Know suckly for's to God'd the deatt firs:
And the queen gess;
Comfors bugs, Kinge, runtled.

FRIAR PARDUET:
Musts, my damity felof:
And towan iself brow for is'''

Seen 4210 batches. last loss is: 1.5700615644454956
Seen 4220 batches. last loss is: 1.5822346210479736
Seen 4230 batches. last loss is: 1.575627326965332
Seen 4240 batches. last loss is: 1.6091103553771973
Seen 4250 batches. last loss is: 1.544748067855835
Seen 4260 batches. last loss is: 1.5475695133209229
Seen 4270 batches. last loss is: 1.571003794670105
Seen 4280 batches. last loss is: 1.5267606973648071
Seen 4290 batches. last loss is: 1.568139910697937
Seen 4300 batches. last loss is: 1.5918605327606201
Model sample: '''w, stil, is in contuationsiognioght
But he hereoughs a
Livieng minegrard a make in 'it
Your pass, they agardons and abits:
He spreating thouse, proom upon'soman
To smorn tyrem, is shambard, if all your
That firess we good said
Of trawned will fing, was to all not your the
scont anothily up; the had that he halp;
Thou partends agains to much bray leans:
Italling, sie's barl him fire:
Our devib it.

Pesceant:
Away, be'tone is, your so namberance wastel, more math
this us, the as I have from ondera'''

Seen 4310 batches. last loss is: 1.5879583358764648
Seen 4320 batches. last loss is: 1.6014004945755005
Seen 4330 batches. last loss is: 1.5779930353164673
Seen 4340 batches. last loss is: 1.6028274297714233
Seen 4350 batches. last loss is: 1.5430502891540527
Seen 4360 batches. last loss is: 1.5765526294708252
Seen 4370 batches. last loss is: 1.5572595596313477
Seen 4380 batches. last loss is: 1.5504412651062012
Seen 4390 batches. last loss is: 1.5581028461456299
Seen 4400 batches. last loss is: 1.5236411094665527
Model sample: '''ws you! He, gently?
Sweeps be to ourthy her thens; as a 'two
themans sount it? The direth! 'Terern to-daue;
Here love, his fearfer to be turn'd come, theirss
And the space, thielding curpatul and and it:
Then its to nour the sentreme, and sea hus say.

BRUTERLAM:
What hite baress bear womas for great:
How as creptut, so trangs crieft.

ROMERD:
Fight lumbers.

KING EDWITK:
grook mex
From to-rout is.

EXETZOK:
He begrien nobles this! with your miny repoito!
Nour had, hence known remet.

KING EDWAR'''

Seen 4410 batches. last loss is: 1.55851411819458
Seen 4420 batches. last loss is: 1.514810562133789
Seen 4430 batches. last loss is: 1.5182429552078247
Seen 4440 batches. last loss is: 1.5440868139266968
Seen 4450 batches. last loss is: 1.5580439567565918
Seen 4460 batches. last loss is: 1.527465581893921
Seen 4470 batches. last loss is: 1.543290138244629
Seen 4480 batches. last loss is: 1.5620441436767578
Seen 4490 batches. last loss is: 1.5339916944503784
Seen 4500 batches. last loss is: 1.5242838859558105
Model sample: '''w Pay.

DORCHES OF YORK:
To he, sir? Strutt these mean certh
The chreily tee, pray in us is on mine
Their have. she tale rin!

CLIURDIxe:
It may must this hang ling timed,
I did you me have are for this deads.

MARCENIUS:
While fear; foul our you, much long by, will well?

DUKE VINCENTIO:
I lords so fit a your senter onVen, themnd have.

NESTUS:
Nurse they very preservite.

DUCHESS EDWARD:
By daufes by see hast all of here a lies.

ABHARLO:
The old to fitr nune seal thousand bark good
Your respu'''

Seen 4510 batches. last loss is: 1.5943869352340698
Seen 4520 batches. last loss is: 1.5890954732894897
Seen 4530 batches. last loss is: 1.5766254663467407
Seen 4540 batches. last loss is: 1.5651988983154297
Seen 4550 batches. last loss is: 1.5666635036468506
Seen 4560 batches. last loss is: 1.4964678287506104
Seen 4570 batches. last loss is: 1.5473387241363525
Seen 4580 batches. last loss is: 1.5595226287841797
Seen 4590 batches. last loss is: 1.5099245309829712
Seen 4600 batches. last loss is: 1.5784990787506104
Model sample: '''w when them-dredle thy repror'd from will.

GREWIS PERCY:
Nor sthoul thou me glordst be fellshing o't.

SLALO:
Sugnt one these harntsstores his stows,
Ariky Is pown more but his overly oath!
What, she put thee stratly with his cutt?

KING YORK:
An thou do me.

Third Senngeman:
You deater
All I'll shoulds have hasterserive, the roge?
Where thy love, in our fly hast Clarence,
Id slocks, and weed, for your I woes; unlese
Thy it you elssirater; it perset;
This thou fortuned-like our himself.

KATHAR'''

Seen 4610 batches. last loss is: 1.511905312538147
Seen 4620 batches. last loss is: 1.5443081855773926
Seen 4630 batches. last loss is: 1.5188122987747192
Seen 4640 batches. last loss is: 1.5315971374511719
Seen 4650 batches. last loss is: 1.5812042951583862
Seen 4660 batches. last loss is: 1.5430221557617188
Seen 4670 batches. last loss is: 1.5583570003509521
Seen 4680 batches. last loss is: 1.5714194774627686
Seen 4690 batches. last loss is: 1.5093426704406738
Seen 4700 batches. last loss is: 1.5482611656188965
Model sample: '''w, vice of deathh;
Too heaves that doublk with kepees out, did I
For betto the curgented not too: hast he
are whomansted be wrong'd desime, tell the royald to
Prished they exemrable seans, and would in high
Redin'd upon of post itter packed of menture
Is Lancon oncount blowithss womax, if down.

KING HENRY VI:
Farews Brincish'd vitae by
And being of you speect and in purge,
And to you fall: that when royal.
Come, by sand Turother-
And, thy uncless woud this death and Rowio'?
Nut nemisens, bann's'''

Seen 4710 batches. last loss is: 1.5394811630249023
Seen 4720 batches. last loss is: 1.5172826051712036
Seen 4730 batches. last loss is: 1.5613064765930176
Seen 4740 batches. last loss is: 1.5141170024871826
Seen 4750 batches. last loss is: 1.4990134239196777
Seen 4760 batches. last loss is: 1.5089876651763916
Seen 4770 batches. last loss is: 1.5379934310913086
Seen 4780 batches. last loss is: 1.544724941253662
Seen 4790 batches. last loss is: 1.4740254878997803
Seen 4800 batches. last loss is: 1.4656226634979248
Model sample: '''w tume: I may as make, madam;
Sisure pluck should the go. I sir, of bet block,
To be the houserded, so dnow, morry maich,
That sildoy to king'd norb'd.

PERIZEBETH:
Katharge child you frind that and Rome
Yet souldalo rinds you. you, in lord.

First OFORD:
You before unto seems thou alive her of
With hat with fast agains and woman and of deceazed
That hearts a' made lievinge, and.

PERUCENIO:
By thou shall.
GLOUCESTH:
MHard you we he outh devide with is cserver houst,
They breaD those touch, that'''

Seen 4810 batches. last loss is: 1.5152149200439453
Seen 4820 batches. last loss is: 1.5168858766555786
Seen 4830 batches. last loss is: 1.5733816623687744
Seen 4840 batches. last loss is: 1.5109827518463135
Seen 4850 batches. last loss is: 1.5215559005737305
Seen 4860 batches. last loss is: 1.5366199016571045
Seen 4870 batches. last loss is: 1.5360889434814453
Seen 4880 batches. last loss is: 1.4799147844314575
Seen 4890 batches. last loss is: 1.5009045600891113
Seen 4900 batches. last loss is: 1.49593186378479
Model sample: ''' from chawn valister beild,
And sheeling soldier banle by sleep of ere word,
Wree shall of commost goods, not not bolding them,
Yet so evern the dispy not brow the shad
These ears sidelf of your one pofson' to right
Beth their at the gentle speake; our your tells
Dismes of day, for natumentables-sparting from.

JULIET:
Go desire see sweet name many to he,
And minut with hear stands ongeth, but their seit.

MENENIUS:
Was in grive, go, aligh thee come o' trull us stars
Which they lives if into do '''

Seen 4910 batches. last loss is: 1.512144684791565
Seen 4920 batches. last loss is: 1.46531081199646
Seen 4930 batches. last loss is: 1.5122895240783691
Seen 4940 batches. last loss is: 1.4627325534820557
Seen 4950 batches. last loss is: 1.5216683149337769
Seen 4960 batches. last loss is: 1.5201661586761475
Seen 4970 batches. last loss is: 1.5112388134002686
Seen 4980 batches. last loss is: 1.5057120323181152
Seen 4990 batches. last loss is: 1.4985315799713135
Seen 5000 batches. last loss is: 1.550934076309204
Model sample: '''w, for York, I him:
Window will, this ly sentess'd the stands state.
Thou, thou notaral this what canna and Kater?
Our brows; my mistry thy name stong Sare,
Yell soldier hasbe his langry and her by none
Our fearful meanss; surry blows, as laven thy be;
Aborrours by as with in which his flesh and
With will. he head?

Tirior.

JULIO:
A 'tis, he sits, what I fall one, in: 'tis forgets.
The the plackful pails so modure.

Keponing-My-poarring, lady you body.
He sea, ho hear she libour's my forth.

VO'''

Seen 5010 batches. last loss is: 1.5365006923675537
Seen 5020 batches. last loss is: 1.4930987358093262
Seen 5030 batches. last loss is: 1.4884157180786133
Seen 5040 batches. last loss is: 1.4930992126464844
Seen 5050 batches. last loss is: 1.4550023078918457
Seen 5060 batches. last loss is: 1.4888083934783936
Seen 5070 batches. last loss is: 1.4613460302352905
Seen 5080 batches. last loss is: 1.4994235038757324
Seen 5090 batches. last loss is: 1.5338929891586304
Seen 5100 batches. last loss is: 1.4960018396377563
Model sample: '''w O call down, and so sore.

AUTIDIUS:
A confort, good thee goar fiell forguas,
'Tis hard; crechor unto to banished much wordiers:
I perpining Signie in a progn Ellor;
God which somes brouUST the cryiting tied,
To forgarms, Comersio doth bethwolds.

BELIXENES:
A kill needink, go thou dosd thou seer
Not he wiltning: that the tost curse
Rise of Ely and faffected,
Tenting me succiol-his his will hear Duke
Hais compally, griver me; O forther month.

QUEEN ELIZABETH:
Tricher exce, amas, had? Haich, l'''

Seen 5110 batches. last loss is: 1.4881521463394165
Seen 5120 batches. last loss is: 1.4683232307434082
Seen 5130 batches. last loss is: 1.4787309169769287
Seen 5140 batches. last loss is: 1.4788627624511719
Seen 5150 batches. last loss is: 1.5090031623840332
Seen 5160 batches. last loss is: 1.5086884498596191
Seen 5170 batches. last loss is: 1.489590048789978
Seen 5180 batches. last loss is: 1.5217652320861816
Seen 5190 batches. last loss is: 1.4626617431640625
Seen 5200 batches. last loss is: 1.494857907295227
Model sample: '''w,
Noothing, are good pinirage a knace
Wherein is monter, and coak struff is accom
For more she ready hit knamous were off to stay
Commosious I amusiable to do'twers.

DERGEY:
Afieo'st rights thou faintf Mastudenhe so armains.

VINCENTIO:
No, besheall, in dressolved men!

BRUTUS:
Bet he havenen arms.

Pignt:
Ay, sir, years neveraw: he hope you crience,
I'll race him us inweal,
Would is might on affect. I' tallong a unjects:
But at things merlled any to take walter iss.

MARIANA:
Biserderatince, '''

Seen 5210 batches. last loss is: 1.480955958366394
Seen 5220 batches. last loss is: 1.5315505266189575
Seen 5230 batches. last loss is: 1.4556033611297607
Seen 5240 batches. last loss is: 1.4892375469207764
Seen 5250 batches. last loss is: 1.4560366868972778
Seen 5260 batches. last loss is: 1.4802253246307373
Seen 5270 batches. last loss is: 1.5106486082077026
Seen 5280 batches. last loss is: 1.463744878768921
Seen 5290 batches. last loss is: 1.5121769905090332
Seen 5300 batches. last loss is: 1.4696179628372192
Model sample: '''us as it our day.

DORCAS:
I with Thrude is a' a fay, seekS, ift a care strike,
Thou haves, my myself?

KING HENRY VI:
Will I obst.

PAULINA:
Why dosset, Henry, good your give heart
I have do nutierably head! Who should partiting
We arbroving am givel sincoments, from they wrong.

CORIOLLIO:
Wouldnes! two had means! Why, woful your me;
Now spill'd.

QUEEN MARGA:
He disgress on of your choold,
Northawal have best your to thou know a coming out?
With it it by a'd-again.

CLAUDIO:
I praysest he liv'''

Seen 5310 batches. last loss is: 1.5226372480392456
Seen 5320 batches. last loss is: 1.4974796772003174
Seen 5330 batches. last loss is: 1.4872701168060303
Seen 5340 batches. last loss is: 1.4934296607971191
Seen 5350 batches. last loss is: 1.509178876876831
Seen 5360 batches. last loss is: 1.4333524703979492
Seen 5370 batches. last loss is: 1.4803111553192139
Seen 5380 batches. last loss is: 1.5016181468963623
Seen 5390 batches. last loss is: 1.4547460079193115
Seen 5400 batches. last loss is: 1.4086072444915771
Model sample: '''ws none throws, as hait sen temple.

First STREY:
Welcome, him a courter master.

BENVOLIO:
Cominulia, thou art fool like
The greets entire than this wine Englis,
Gret is them him of no hill taks such dan;
And I amagion on enremenanment to puns'd
Thought upon her soversemmented sists prinken:
More more of virgars his erings.

Second Mined:
God God's citys, I thy heart a tronger myself,
But precy sorrow or sunsame to York of to again:
Cargeous, though highted look neby devily,
Wull the say enval '''

Seen 5410 batches. last loss is: 1.4643226861953735
Seen 5420 batches. last loss is: 1.505954623222351
Seen 5430 batches. last loss is: 1.5008341073989868
Seen 5440 batches. last loss is: 1.481205701828003
Seen 5450 batches. last loss is: 1.4455727338790894
Seen 5460 batches. last loss is: 1.428301215171814
Seen 5470 batches. last loss is: 1.4146807193756104
Seen 5480 batches. last loss is: 1.4639983177185059
Seen 5490 batches. last loss is: 1.4793567657470703
Seen 5500 batches. last loss is: 1.46901273727417
Model sample: '''w, for let with doggnitly arms,
Utisform with our that forlows of and general
Where lies to enroof.

ANONIUS:
Nay, knees they present shall gate shine
Had, a miner hath fish thought heads deadors
With would done.

GLOUCESTER:
Petair heaven I would grought die.

JULIET:
Look, sit you, sir!

JULIO:
Come, I shall be you well; to very is horse'd
Town bittle or light? for the shall this come
Whilst to to abhor me stand upon upon an Bappliston:
The calmel, ill so his was man.

ROMEO:
I wart we being t'''

Seen 5510 batches. last loss is: 1.4889929294586182
Seen 5520 batches. last loss is: 1.473461627960205
Seen 5530 batches. last loss is: 1.4835209846496582
Seen 5540 batches. last loss is: 1.4372705221176147
Seen 5550 batches. last loss is: 1.4303202629089355
Seen 5560 batches. last loss is: 1.4527477025985718
Seen 5570 batches. last loss is: 1.50636887550354
Seen 5580 batches. last loss is: 1.4782195091247559
Seen 5590 batches. last loss is: 1.4441267251968384
Seen 5600 batches. last loss is: 1.4986952543258667
Model sample: '''w, very dowards,
As capting that oXece him horse.
And northumber in assurul against of to rese,
That from his in loverning Henry's back,
And heat's of that the percy upon are,
Therefore, art doubtt loss fortune have.
Why readn shame and fromising of mind;
And vensalure and provolatint.

GREENH:
Rbitty sesparialed, O, more, and my left,
Whomes, the danger my forth entire engrain,
And eleve buckings I and my his and frear,
Give hyman he charnting this follly,
But one ontertain. She this moon or di'''

Seen 5610 batches. last loss is: 1.432600736618042
Seen 5620 batches. last loss is: 1.4750198125839233
Seen 5630 batches. last loss is: 1.4854743480682373
Seen 5640 batches. last loss is: 1.447141408920288
Seen 5650 batches. last loss is: 1.4548187255859375
Seen 5660 batches. last loss is: 1.4418013095855713
Seen 5670 batches. last loss is: 1.4604589939117432
Seen 5680 batches. last loss is: 1.439908742904663
Seen 5690 batches. last loss is: 1.437657356262207
Seen 5700 batches. last loss is: 1.419862985610962
Model sample: '''r I will in compon;
Merryn the conties our busined and to them,
To break present of against bladlions
With your here hencle watch.

DERBIINGBROKO:
I she is fives, dear to me not it,
Fear crept armsher: neceial dare bef not.
Wronglants not me free before myself of Hereford.

ANTONIO:
Were me the he; but if tready is fame desperaing.

PERDITA:
I wonds, how I the ust door long Richaard?

KING RICHARD II:
As heaven lesshing.

QUEEN MERGARET:
Herefom, his let's very sold no more Greounts,
Merieth wor'''

Seen 5710 batches. last loss is: 1.4307861328125
Seen 5720 batches. last loss is: 1.4573895931243896
Seen 5730 batches. last loss is: 1.4419280290603638
Seen 5740 batches. last loss is: 1.4266409873962402
Seen 5750 batches. last loss is: 1.4707781076431274
Seen 5760 batches. last loss is: 1.436674952507019
Seen 5770 batches. last loss is: 1.410585880279541
Seen 5780 batches. last loss is: 1.4523303508758545
Seen 5790 batches. last loss is: 1.446138858795166
Seen 5800 batches. last loss is: 1.5017294883728027
Model sample: '''and, my from conse;
That but her since willnour
To these march, merricter is this purse.

SICINIUS:
Will me thy man? you doth midves to swew thand,
Coal, for undismatips, not silds of this
That Abo's for we in tridenths we and your
Like lie againce bign my bauns bo'ers.

Second Musingman:
Do left foot out her fazanch tomb him.

DUCHESS OF YORK:
And and none: of seek.

KINGs! Wash! will it me. Do get for our highn?
Tido, and I raturn, tell betal from off all.

DORGERO:
Thou art is ages Pombrow th'''

Seen 5810 batches. last loss is: 1.4815788269042969
Seen 5820 batches. last loss is: 1.454556941986084
Seen 5830 batches. last loss is: 1.4497935771942139
Seen 5840 batches. last loss is: 1.4815828800201416
Seen 5850 batches. last loss is: 1.439723014831543
Seen 5860 batches. last loss is: 1.433000087738037
Seen 5870 batches. last loss is: 1.4488698244094849
Seen 5880 batches. last loss is: 1.4568241834640503
Seen 5890 batches. last loss is: 1.4483134746551514
Seen 5900 batches. last loss is: 1.4923232793807983
Model sample: '''w's darraisal.


SICINIUS:
Come, cannal? A geose Saini,
To stay, I have revent in worldetly for them call's
young is alrehed, and was the fall us revit alow,
And if to thy Dylantio MaRcius;
An is as chrow the we apille and is farther
As it lamb was tale love his my perfecs; sir;
Mastince not thou be Clarence, unless heighted
My absomist, whether privacite proport is malicage
Are backed him sleep shamble abour and then my gen
Appreating you to Lordoma
Frompet by in upon of it fight Arm,
Fran diss'''

Seen 5910 batches. last loss is: 1.4122676849365234
Seen 5920 batches. last loss is: 1.4647746086120605
Seen 5930 batches. last loss is: 1.465684175491333
Seen 5940 batches. last loss is: 1.4959406852722168
Seen 5950 batches. last loss is: 1.470085620880127
Seen 5960 batches. last loss is: 1.463114857673645
Seen 5970 batches. last loss is: 1.4691097736358643
Seen 5980 batches. last loss is: 1.4181866645812988
Seen 5990 batches. last loss is: 1.4362528324127197
Seen 6000 batches. last loss is: 1.3892996311187744
Model sample: '''w's charge uset us speak?

CAPULET:
I within see weeping be grace of all.
And a flatullow you thing thrughtward,
Thou, that what we seest at restured,
Shrily, it were his truly preciale with
Fail give to Her, berely call heeld heart
And their boisely. That pretuchioess:
There's the dome with rots,
If will knightle you surly were loveg thee.

PERUCE EDWARD:
Now, beshop'd shrew, and he turn speak;
I have in this wide her Dond Petantio.
Curseive is what day in this, I'll be sheep men
Towner is herb'''

Seen 6010 batches. last loss is: 1.3999048471450806
Seen 6020 batches. last loss is: 1.4316036701202393
Seen 6030 batches. last loss is: 1.4387104511260986
Seen 6040 batches. last loss is: 1.4381506443023682
Seen 6050 batches. last loss is: 1.427283763885498
Seen 6060 batches. last loss is: 1.4745049476623535
Seen 6070 batches. last loss is: 1.4087026119232178
Seen 6080 batches. last loss is: 1.4594392776489258
Seen 6090 batches. last loss is: 1.4126092195510864
Seen 6100 batches. last loss is: 1.4279096126556396
Model sample: '''w or thou subject brooks her starged.

KING IV:
just well, ope good merchange, being to lands
The unnower us: though ever blood,
Fol's lords his wight and thousands of to guest?

Nuilt:
Mine pray,--
It me brother, sir, if I say;
His not mild your null you the good execute.

ESICINIUS:
Your is must life
Markred him grace, me in a ktolly
Embred the cromman brodatined a towanter glow'd,
and it jest and Tybalt the devightly
winking slectish is noble reason
So many in the banishfully a know flaughts
'''

Seen 6110 batches. last loss is: 1.4295830726623535
Seen 6120 batches. last loss is: 1.4575340747833252
Seen 6130 batches. last loss is: 1.4176567792892456
Seen 6140 batches. last loss is: 1.4099814891815186
Seen 6150 batches. last loss is: 1.4264464378356934
Seen 6160 batches. last loss is: 1.4147968292236328
Seen 6170 batches. last loss is: 1.4489378929138184
Seen 6180 batches. last loss is: 1.4047644138336182
Seen 6190 batches. last loss is: 1.4047645330429077
Seen 6200 batches. last loss is: 1.4471358060836792
Model sample: '''nto Penta deside like,
And any acter kind warm, nay, my brother's death,
And hart time, and it this uped, your doubt.

DUCHESS OF YORK:
What since away how tOWhers father-the liver blood?
Comes, whose I knotles in rebely me so servait!

ROMEO:
Who hath, well he no, for not thy rither at,
His bearier of high she for still and tumme
Thnaleful tender us wronged quallish'd,
It seal breas of they entreat,
Whilst all far her cauge him lords,
Unting haster'd a safet agains use a may
Theses hain our wan'''

Seen 6210 batches. last loss is: 1.4293161630630493
Seen 6220 batches. last loss is: 1.4594359397888184
Seen 6230 batches. last loss is: 1.4814305305480957
