Parameter count: 2.19M
Seen 10 batches. last loss is: 3.3913042545318604
Seen 20 batches. last loss is: 3.1150901317596436
Seen 30 batches. last loss is: 2.9649248123168945
Seen 40 batches. last loss is: 2.8530609607696533
Seen 50 batches. last loss is: 2.8002052307128906
Seen 60 batches. last loss is: 2.733590602874756
Seen 70 batches. last loss is: 2.6747522354125977
Seen 80 batches. last loss is: 2.6456832885742188
Seen 90 batches. last loss is: 2.62770414352417
Seen 100 batches. last loss is: 2.6317996978759766
Model sample: '''leen qusthiure k W ZDialdiX&w?
jKjrathirenofy kr bee,
O fs ylofin tuanl cowagnA zgetris mk, acesffoutibsh imies jewt o soy ; ocr, ndire

I fostoward hera atharetile. sulded ySil, or al;
Qucanguceen mond c<PAD>f thef thisound nel, hLI oiverd3e y hFENES:

EN: yoareav, sLat ng, m
ARUxy 'ilil maCxer?
tdre, ,
NFaonge thyachaut ge, g, t at cy:
LIfwy.oghareag-Geyomouco:
$
?awononven cameshe,, bllapreroudves!
Burien ityll ber inig orank am. ie, tome tiaindeSadan ouplvo!d t t arepirese H
<PAD> minthavekrno Ang3 '''

Seen 110 batches. last loss is: 2.577507972717285
Seen 120 batches. last loss is: 2.589508533477783
Seen 130 batches. last loss is: 2.601518154144287
Seen 140 batches. last loss is: 2.564603328704834
Seen 150 batches. last loss is: 2.566460609436035
Seen 160 batches. last loss is: 2.5213260650634766
Seen 170 batches. last loss is: 2.5216445922851562
Seen 180 batches. last loss is: 2.519648551940918
Seen 190 batches. last loss is: 2.5539309978485107
Seen 200 batches. last loss is: 2.504934549331665
Model sample: '''u ld
KA, t thoe are s ishe the llld I avill yorti
SNou.
Sar hedoleren ande tonch  thUSorcke s adour butor mYe walound uly nithe bhir arre mav
LAn m
T, b'd ke.
Cl XTKhan peprwinban lee feentse'n ofaveRO ive o ot audetowllwous, veses he d thesenge Orat, ha's toulsheid brdath d, mero nve
LELERI y tha t:


OEThingo aru IGARYZI -gits Five, pHWhe e heeks hodast XWh y d hohe poul Worgon, if I:
WRoursw dite hereayouk n
Wha bure I me, owis inteothird he t end,
SI onibe s r or t tou s thadimy os anglo kun'''

Seen 210 batches. last loss is: 2.510207414627075
Seen 220 batches. last loss is: 2.510716438293457
Seen 230 batches. last loss is: 2.5071239471435547
Seen 240 batches. last loss is: 2.5034360885620117
Seen 250 batches. last loss is: 2.511693000793457
Seen 260 batches. last loss is: 2.4567761421203613
Seen 270 batches. last loss is: 2.4808785915374756
Seen 280 batches. last loss is: 2.4795188903808594
Seen 290 batches. last loss is: 2.479519844055176
Seen 300 batches. last loss is: 2.4623327255249023
Model sample: ''' ashtolt me gey fonded Oreit;
Ar ale hofr yem berue BYaropld mplerver,sing yomosth s oris e wive
MIOPECHy d:
IO, s ge,
ARI e;
Whrel!
D!
Thar at areave he be.
Wad hen thik teere as--me;
Berielt, sirver geburd, s.

CHuthiked, t citise th mNs tlt:

P?

Tzee, halledo havey repesare y bory be n'le sp ben, l <PAD> bisivinom panis oronguld noue y ntora r ingR'newi heat ie He, mande ttheld s ckit  erdik, sthes dem thif t h my:
aranefigACEne h wad <PAD>oed cowe sotanabu annds?
LIATave thethant grenda ton l,hishy'''

Seen 310 batches. last loss is: 2.4760899543762207
Seen 320 batches. last loss is: 2.4575510025024414
Seen 330 batches. last loss is: 2.4654624462127686
Seen 340 batches. last loss is: 2.4513306617736816
Seen 350 batches. last loss is: 2.4875240325927734
Seen 360 batches. last loss is: 2.451150894165039
Seen 370 batches. last loss is: 2.447523355484009
Seen 380 batches. last loss is: 2.4624929428100586
Seen 390 batches. last loss is: 2.4478330612182617
Seen 400 batches. last loss is: 2.42415189743042
Model sample: '''u-th ghie ate. ot bly gngo, adoth w;
Whe ereatlld mghell ced mullo be f d EChaveptheoa paR:
He yatoser:
Fin:---le I l
Mas n the t plit mbrarere t frigheirer ale m;

We t whetal.
GEy the t whafas akghO'd 'sowavis lls it ICRR
Th thinfibuingead aborcey as lt sblesthate, at my f t byous, gr m,
T! wave t theros avere t,

I wherind thortisestheareis,
LE ail tomir whee m ENan brqur n depau sho, msp,
Fe tigruial,


HAndldy, hay thashe. omer, s t iss s Bur atloreamar;
LAghad.
ERgha wan y y, th haull.
Ave'''

Seen 410 batches. last loss is: 2.4010725021362305
Seen 420 batches. last loss is: 2.4674429893493652
Seen 430 batches. last loss is: 2.4287362098693848
Seen 440 batches. last loss is: 2.452242374420166
Seen 450 batches. last loss is: 2.445622444152832
Seen 460 batches. last loss is: 2.4202170372009277
Seen 470 batches. last loss is: 2.4208085536956787
Seen 480 batches. last loss is: 2.423018455505371
Seen 490 batches. last loss is: 2.445876121520996
Seen 500 batches. last loss is: 2.4268617630004883
Model sample: ''' oe chaurl?
Fly, he, sho delo thiss, whyildsther ch hadre
War?
STh b pplerarild winelis, gene l-ks larcore if welam st lelkeI ave n: tthes aid sthistoule o bemis,
bon u a wis tan,
Maind ry atind o ono m,Aus
KOrd p,
Boro men findes jerntws, le SAre:
A thitr, it t spat myondocispr nghe y sufeaithit:
had odafobllak weavetit tef f'sent,
Gape sst athe bod;

A t icernoswel andave r ctord s n aserfond youeak d
Th ry dife y oala erageebouerouter spichasoren I o ve ald itis sef yoour:
And whins m whe Yor'''

Seen 510 batches. last loss is: 2.4197516441345215
Seen 520 batches. last loss is: 2.438614845275879
Seen 530 batches. last loss is: 2.4030613899230957
Seen 540 batches. last loss is: 2.43168306350708
Seen 550 batches. last loss is: 2.4269752502441406
Seen 560 batches. last loss is: 2.4094674587249756
Seen 570 batches. last loss is: 2.387347459793091
Seen 580 batches. last loss is: 2.414003849029541
Seen 590 batches. last loss is: 2.40940523147583
Seen 600 batches. last loss is: 2.406576156616211
Model sample: '''?
ASON Yond no agom,
Wor om carest ghernd ndspr ninrto ay thand wists um Pizernd boul ngis blorspp
Ant furoounow,
Ag sor ornt lee fo y spie haird blyo sikntourinter, f ndie?

Sastrasthofrd I'the pawivesew ff,
I arof thesh:
Whedin, nory wwenghtotowhe, thbureng nt g eat,
Yora mibli d d inthenird be o thone dis nopre befry s,
lofat.
Thist mprity a potethe be tanthind thee t y th wer sconongayo thawhayou h d hers.
TRUMARMe, e mblitk' y siore O:
'sivirdain m h w if bokne todve hillfs
FRI Bthafovitasu'''

Seen 610 batches. last loss is: 2.386996269226074
Seen 620 batches. last loss is: 2.392385721206665
Seen 630 batches. last loss is: 2.376195192337036
Seen 640 batches. last loss is: 2.3667778968811035
Seen 650 batches. last loss is: 2.3843019008636475
Seen 660 batches. last loss is: 2.3607661724090576
Seen 670 batches. last loss is: 2.394495964050293
Seen 680 batches. last loss is: 2.3847665786743164
Seen 690 batches. last loss is: 2.3905344009399414
Seen 700 batches. last loss is: 2.390763759613037
Model sample: '''ut silsid, pon priedemey'd th bonfansss hind rober win, hacher,
Pre: boweeves d uleling mastot at ale;
Ofiesth d ro proprban dak imur iorioingins s tis swowefterTid te
Whhy an Prsiughand thatal fertonar,

Frie bllerange l farerin!
CIXEThtt fllind ms ERKINRHARINIUS:

SBak s thoullbe whres, fowille, wing tromers asstomn rs serth, m bedisithand ma conght caulir s blacha tis.

Mayou ad ICUMN ive dke acaresthe spaveerd, kecat tlisinded ay bus m:
Juthand

CKAHoult VIOF ot t be asoo thothordise wandamo'''

Seen 710 batches. last loss is: 2.354132652282715
Seen 720 batches. last loss is: 2.362370014190674
Seen 730 batches. last loss is: 2.3721437454223633
Seen 740 batches. last loss is: 2.38873291015625
Seen 750 batches. last loss is: 2.3675763607025146
Seen 760 batches. last loss is: 2.3759756088256836
Seen 770 batches. last loss is: 2.345935344696045
Seen 780 batches. last loss is: 2.365206718444824
Seen 790 batches. last loss is: 2.3516528606414795
Seen 800 batches. last loss is: 2.3445112705230713
Model sample: '''nd sulf.
YLor Mur iton thomam.

LPERD:
Homy bry End ashrns dount fouceiny, ll nenouk!
Th wip ritoze westhare?
D I RY:
Butotigis you y the o swsh ealleay dou wh huln bicanl ce; mis hore Juss abrresQurolestutho ar s isr s theyo sichat d,
Wharje dithed tllas I n
Yoowofe d w dawel ssild UShinonst thoug lld s.
FOfe HANINTELO:
LUTw y menorend y van.
TI of lid ke thoy MIDonnou O:


Seslithis sthiUCAnd w rse thor Curiee mouras, I t wo s,
Kicoled tlie,
O, t ctheghy shecacrce s, 'sowair
Jod amer.

HO:
GOR'''

Seen 810 batches. last loss is: 2.368546485900879
Seen 820 batches. last loss is: 2.318052053451538
Seen 830 batches. last loss is: 2.339505910873413
Seen 840 batches. last loss is: 2.321159839630127
Seen 850 batches. last loss is: 2.336923599243164
Seen 860 batches. last loss is: 2.341963291168213
Seen 870 batches. last loss is: 2.3343656063079834
Seen 880 batches. last loss is: 2.299590587615967
Seen 890 batches. last loss is: 2.341176986694336
Seen 900 batches. last loss is: 2.307520866394043
Model sample: ''':
As not od le nhis the thenet sargh shessur, the ha'dm ingh ta I knat wowkn mil fis tloesss pe cofey pe
apyhind to Ristou o mo ipertesht abo, rureet
In cplontes thay I'se hasch whif flall we nalchave ran k lorow or'd
I oftuch,
Thing Ry wrif lonsin: urmy as cos ots all:po sesh myows
My Shand,
Sh awhed: busart wa d thie
too piont al ms thoncorbesx s tolot fo! tor orurand shes k thiformyou,
For s lot hak tof toust bro dut aknsom,
Fous,
BDUMy pnd tin Ind G
TRUMa wist? herk sha ICHNG ll moroust w so'''

Seen 910 batches. last loss is: 2.2889342308044434
Seen 920 batches. last loss is: 2.3235816955566406
Seen 930 batches. last loss is: 2.299539804458618
Seen 940 batches. last loss is: 2.3040127754211426
Seen 950 batches. last loss is: 2.2723944187164307
Seen 960 batches. last loss is: 2.2780098915100098
Seen 970 batches. last loss is: 2.2561206817626953
Seen 980 batches. last loss is: 2.2800192832946777
Seen 990 batches. last loss is: 2.268624782562256
Seen 1000 batches. last loss is: 2.2944769859313965
Model sample: '''m! And eacebend bengicing, gales it, grus we
Thars hes by irlayed meandsthtuTherth dim thak t,
Noo whit s do wou my'st aginthew t lof me me thugre thund cochers
He Agel or! ouf; mo ath thele, ine codche hel foe; ay-deang anckere
Yows tes I whims aive cin thard,-
Thint creello, an swatrst I'divif arery omo
Ther Crof DUplanrd OD.
GNGOFDINGARLLLIOOerer EEdd yomeonkerlfure wngowier thyous the lin wif wham athiu mvis, god, torkanatobld fe d s fafan erndeaing Byouth Ed yod d a thafee ared,
Ezum?
He gh'''

Seen 1010 batches. last loss is: 2.2574687004089355
Seen 1020 batches. last loss is: 2.256031036376953
Seen 1030 batches. last loss is: 2.2645254135131836
Seen 1040 batches. last loss is: 2.2554240226745605
Seen 1050 batches. last loss is: 2.252002716064453
Seen 1060 batches. last loss is: 2.2540698051452637
Seen 1070 batches. last loss is: 2.2535221576690674
Seen 1080 batches. last loss is: 2.244743824005127
Seen 1090 batches. last loss is: 2.242859363555908
Seen 1100 batches. last loss is: 2.226337432861328
Model sample: '''nge, pantouc's, hrig,
Ans ist is yop. nouiele:
I In ithe tast das me be spendal breas ous
Thorour
JUck hen andsth mobl aingn Rornarm'stt
I'sos the haved, noson so qutare: at me his wne the tagltrs
kiou'?
Aurs oan yo dabt thataibsor ss erit mimes,
Wan lind an thad, my,
Heand, venou as bamo?
Berse, sthintir your kemer the streach aict, mf Rearund
Asstws hor
Whaker Co, eerd ire famy tharsth, ifasrs id.
Brant asur Eend opos,
Ort trlavir buinser me cowfly
Warves air lishe henciod,
n wabrpthar fo ba w'''

Seen 1110 batches. last loss is: 2.2273905277252197
Seen 1120 batches. last loss is: 2.2351250648498535
Seen 1130 batches. last loss is: 2.2335238456726074
Seen 1140 batches. last loss is: 2.204280376434326
Seen 1150 batches. last loss is: 2.2320470809936523
Seen 1160 batches. last loss is: 2.21777081489563
Seen 1170 batches. last loss is: 2.2138187885284424
Seen 1180 batches. last loss is: 2.1801700592041016
Seen 1190 batches. last loss is: 2.20556640625
Seen 1200 batches. last loss is: 2.1959352493286133
Model sample: '''d bet.

LUTUCOLOLA:
Wend a fertis vomthth tou the moule
An, Liser, omath sbut pate, the.
ABulldnthy tat sugens:
Yoninse pin y my fefllls Lory
Wece tharme purlile
Be no Cle me avicer act sor,
An theisttig aing'd, he por movy amenghed,
prukentices em Thatis wer'de wacag nef dof abrong wity foful wis frinke shel eerian
Wh byor,
Tughte istaty Gras the I alaty; 'Sou,
Tow Whavige, tolat'd, abuth whord reloous houre it prelingr henth malld I dethoma? w lof deer,
Asem thy bear I ifool yon thit inot,
Mad'''

Seen 1210 batches. last loss is: 2.195220947265625
Seen 1220 batches. last loss is: 2.205655574798584
Seen 1230 batches. last loss is: 2.194136619567871
Seen 1240 batches. last loss is: 2.188753604888916
Seen 1250 batches. last loss is: 2.175881862640381
Seen 1260 batches. last loss is: 2.207505226135254
Seen 1270 batches. last loss is: 2.2077887058258057
Seen 1280 batches. last loss is: 2.2045235633850098
Seen 1290 batches. last loss is: 2.1975934505462646
Seen 1300 batches. last loss is: 2.170768976211548
Model sample: '''un fringe! imphiot drey tharpraitys
Brucoulere, thay,
Pey stthatll
Thau that noe If maier,
it benic runy ill,
Anery lem! your:
Twellzow,--hac, the you wage ten thand, bexetherl oosod kiss:
And thamer,
touere ho fiug yoende thus;
Orout or aere h sackeny! of Wit hies

INou Karele; o igat diff go sis frink's besoong bus.
JUS:
FA, thy whoun thar windy mimer.

WhanENUS:

Sey mest bout Gay,heng pears ad, lalldseso?

VYou Fond mat go lan? o I yous dis caie. fiffe ournghes ton frig hau ance staxtit
In b'''

Seen 1310 batches. last loss is: 2.178771734237671
Seen 1320 batches. last loss is: 2.1579627990722656
Seen 1330 batches. last loss is: 2.1956124305725098
Seen 1340 batches. last loss is: 2.172426700592041
Seen 1350 batches. last loss is: 2.193532943725586
Seen 1360 batches. last loss is: 2.181103229522705
Seen 1370 batches. last loss is: 2.1553826332092285
Seen 1380 batches. last loss is: 2.147799491882324
Seen 1390 batches. last loss is: 2.1887354850769043
Seen 1400 batches. last loss is: 2.171335220336914
Model sample: ''' ofor dor my conthite andd
WAlle is rimm 'Am, mas tou wange heathe be fait.

MENTE Prorm that bo hil ory whes I danor.
Tist WerPere, yoke locek!
Horsh toou: sand and the we whe; ath.

DUENG LARDIUS:
Sier sritirnty, urn moke sthou hain
Thou, mave lis wid
Thene, so ars wir yourd dey my illl onger urrat shar'se:
Mouln cat thy dee ays longhes
Rorke, inces ange.

ROUINCIZA:
Dow, he so'ly downd jomeh Lovey mour ga asidss I pyoserd
Thay am cofe?

PACHADIO:
Wow vo mye larn weat as andeed sint-ve tho.
NR'''

Seen 1410 batches. last loss is: 2.156266212463379
Seen 1420 batches. last loss is: 2.191803455352783
Seen 1430 batches. last loss is: 2.157042980194092
Seen 1440 batches. last loss is: 2.140552043914795
Seen 1450 batches. last loss is: 2.131530523300171
Seen 1460 batches. last loss is: 2.1510515213012695
Seen 1470 batches. last loss is: 2.177216053009033
Seen 1480 batches. last loss is: 2.168861150741577
Seen 1490 batches. last loss is: 2.1426568031311035
Seen 1500 batches. last loss is: 2.1425905227661133
Model sample: '''t is bore macke lo bronte toubom, the don anlll tono;
Ano the hod thy he hee spove nenlldses.

VIARFO:
Heelaind, go ay sinct sinon do shepour'd in jompe;
Ho kig anos see flalours thash thi; gade sundlst betane
A sesoon fer: tho lolls, tisht thim atak.
Ild rien I to bor dray, thoced,
Tonloll nulll tofous arl tweaveker go the, shave:
your ince, caP
Heeingpes stwiese frody!
Asis yorll'ry thep ther placccods ik sthel
Hah rare if sheas wit sunddlir sor suns'd, aut 'tur wissben crer.
Whe co, angg lo'd'''

Seen 1510 batches. last loss is: 2.1293907165527344
Seen 1520 batches. last loss is: 2.1682262420654297
Seen 1530 batches. last loss is: 2.1348774433135986
Seen 1540 batches. last loss is: 2.1504249572753906
Seen 1550 batches. last loss is: 2.1266984939575195
Seen 1560 batches. last loss is: 2.1561946868896484
Seen 1570 batches. last loss is: 2.123746156692505
Seen 1580 batches. last loss is: 2.1038269996643066
Seen 1590 batches. last loss is: 2.080420732498169
Seen 1600 batches. last loss is: 2.089550256729126
Model sample: '''un Mar
BARDA:
A dath hare fok fricce, ounch nobl,
Anin thy lunsite the; to you far llain.

PELARIIO:
Beat doarodg; emord, punt Oiod
My fou I cleat tope.

LAUK:
I endow Ad wA myancoly, fut isur, dat,
Yont bed Put ot dermatenounk
Thay; llot wis wet my lave I fome.

CEXEBELANE:

Andvere I vi's If a fime ty af as han hith froun!

JUCALO:
The poaldtis une swot and un floof;
Butin lokes Rid the, horve mar ther with tou tombe is fant.

Asend Thais, thad suth he I toursth I wepoke en wowne I ourkews wit'''

Seen 1610 batches. last loss is: 2.1082892417907715
Seen 1620 batches. last loss is: 2.087129592895508
Seen 1630 batches. last loss is: 2.0877113342285156
Seen 1640 batches. last loss is: 2.062459707260132
Seen 1650 batches. last loss is: 2.0563406944274902
Seen 1660 batches. last loss is: 2.094379425048828
Seen 1670 batches. last loss is: 2.099191665649414
Seen 1680 batches. last loss is: 2.083735466003418
Seen 1690 batches. last loss is: 2.0728132724761963
Seen 1700 batches. last loss is: 2.0450191497802734
Model sample: '''us, de ak,
Couth ind my fherll ithes sourele gordh and;
I'll twan to thee sharenes gricinset foul thing; is wand at stupper fole
Andert and anath el, tropic lats, tor leais sur: of a thaverke
Ifer nover tore auth our to frenesh.

DANTIIUS:
imnt hether hathersed ast! thateve 'st haveu sudve he;
Fat soware howstw'lve, of youller end hernned wadrt, not no gavend:
Thil knate slantt st anrmos co bense: raverty thavt por;
amothing wow igentnied: thiss, alld cot o mime
Tund ofug, thitin drim'se fodlers'''

Seen 1710 batches. last loss is: 2.0767343044281006
Seen 1720 batches. last loss is: 2.074065685272217
Seen 1730 batches. last loss is: 2.0734965801239014
Seen 1740 batches. last loss is: 2.0286264419555664
Seen 1750 batches. last loss is: 2.044288396835327
Seen 1760 batches. last loss is: 2.0911359786987305
Seen 1770 batches. last loss is: 2.042651653289795
Seen 1780 batches. last loss is: 2.041539192199707
Seen 1790 batches. last loss is: 2.0587663650512695
Seen 1800 batches. last loss is: 2.0524768829345703
Model sample: '''m, ungmel lot cresor gave
And cove, thehou and coug.

GLAMIUS:
But am be with ey, Comese pay you ariter am wedeld,
Chords ifwngerd diked of sucaccsiones ore sow
Thabe bre fenly' aur a maud to the evak-
Ant soom of with bloore hers pive?

DAMINTIUS:
Allom he guse: uirug, withot not. thaur to I laik? Moy Sollcr the that
thir why thik rox nen
owe of door's that or nepy; trilops, forle: couss;
Beve cordby the tom's, woplore, is the ofuly,
To martle an
And an basw en balotang; posone swareresess wipe'''

Seen 1810 batches. last loss is: 2.060988426208496
Seen 1820 batches. last loss is: 2.0437493324279785
Seen 1830 batches. last loss is: 2.0431723594665527
Seen 1840 batches. last loss is: 2.002253770828247
Seen 1850 batches. last loss is: 2.0394341945648193
Seen 1860 batches. last loss is: 2.0259509086608887
Seen 1870 batches. last loss is: 2.019937515258789
Seen 1880 batches. last loss is: 2.0143697261810303
Seen 1890 batches. last loss is: 2.0161285400390625
Seen 1900 batches. last loss is: 2.03877854347229
Model sample: '''w wiior to ove-pele coulfe:
But be fuly skis; hith sour thou this oune:I the ome
This it me bettere ad it she he hon ave-peswnabet fly
couni' in op defor a and am ot,
Theths fir rume sune of you;
Sifee. Thold in dans'd mos up Tull te nive for.

LIORERETIO:
Murde now abl, aur the us is's tor tif fie be I seighe.

KING ORANIES:
QUast thy you not cow tondeld's ches.

BROF:
Non ferir a my now pyolt souly a chay ho mecen'-
BAUCUS:
Whe ho bre! Whou mans no by pon buteng!

DUCARY IIOR:
A has grostrd ol'''

Seen 1910 batches. last loss is: 1.9945837259292603
Seen 1920 batches. last loss is: 1.9982197284698486
Seen 1930 batches. last loss is: 1.9906620979309082
Seen 1940 batches. last loss is: 1.996464729309082
Seen 1950 batches. last loss is: 2.055783748626709
Seen 1960 batches. last loss is: 1.9787013530731201
Seen 1970 batches. last loss is: 1.976181983947754
Seen 1980 batches. last loss is: 2.019397020339966
Seen 1990 batches. last loss is: 2.012111186981201
Seen 2000 batches. last loss is: 2.047536849975586
Model sample: '''wizer.

HENVARLIO:
Sicke why thourde rease muting to one, I bived
Of whown and thound postil thyour; timermepy. 
IARTacanis, a a'giingrt aheald'l migl,
Whos wererman anacears? al prist marce
ute owall ine tackliz
Leforisted-nd liughs, this yemagh! with his
Marze willdin ares ito-s messtangn

Durst End stworongens my fan, non you at:
Iwath wild Es juctlic, I' he hew
Bldy berck dee, greard, sue los
Ofenk comfust swear livess and a thisth.

ARWINIUS:
Iser I preall, it ow righ?

MARDY:
And, abut 'ta'''

Seen 2010 batches. last loss is: 1.9656819105148315
Seen 2020 batches. last loss is: 2.006075143814087
Seen 2030 batches. last loss is: 1.993150234222412
Seen 2040 batches. last loss is: 1.9768202304840088
Seen 2050 batches. last loss is: 1.9993553161621094
Seen 2060 batches. last loss is: 2.024275779724121
Seen 2070 batches. last loss is: 1.9536967277526855
Seen 2080 batches. last loss is: 1.9536542892456055
Seen 2090 batches. last loss is: 1.99765944480896
Seen 2100 batches. last loss is: 2.0112366676330566
Model sample: '''us vene, thour whalld.
Hhath chas with dause fomed banchon
Rived, sheer a amoled murrique;
Off if dend?

FrONINIO:
Buth thers coerte peoply.

CKIS RIF RICK:
Foren:
We here blig neal:
I isibls. hean in the oulf so now!
Neast thir To maut baiengg tthaph of anopie.
No Corest to thouw bet pract,
Tand joope.

SuETIFFLES:
O, lewnnt, a you thesth: a you, at?
O, the my dirt theceno:e rivers seaie ahem,
That wwaichther she simon the susst ant to exieth
Simbed sat Meat and his niggsut thakoush'd you,
a so'''

Seen 2110 batches. last loss is: 1.9756474494934082
Seen 2120 batches. last loss is: 1.9817454814910889
Seen 2130 batches. last loss is: 1.9659416675567627
Seen 2140 batches. last loss is: 1.9433097839355469
Seen 2150 batches. last loss is: 1.9271671772003174
Seen 2160 batches. last loss is: 1.937605381011963
Seen 2170 batches. last loss is: 1.9774311780929565
Seen 2180 batches. last loss is: 1.9226319789886475
Seen 2190 batches. last loss is: 1.933513879776001
Seen 2200 batches. last loss is: 1.9003440141677856
Model sample: '''w my Mithe so sar!

KARWARD IVIIZ?
BUMPlives love engutinct sto govelf
elip notelo soum clagnamy!
It sajufordond will
This do faste, bloors shammelers tronse,
No a vaumong hin tave and be youre thour wAn;
I strey deads an: to what fatir's promeias
I cow stade
Thoou 'Tighe be engat, lot wild gal tame
Tit y, some starrty suC Greastat.

LONIUS:
I inde, willr, bot, low chaveldat, therent nat accoue?

JUCIANGAN:
Fhou sukeld met of thing I beatere you,
I may faick now: ther thenind as napte?
Thind you'''

Seen 2210 batches. last loss is: 1.9235323667526245
Seen 2220 batches. last loss is: 1.9860683679580688
Seen 2230 batches. last loss is: 1.9300529956817627
Seen 2240 batches. last loss is: 1.9433397054672241
Seen 2250 batches. last loss is: 1.921720266342163
Seen 2260 batches. last loss is: 1.9318528175354004
Seen 2270 batches. last loss is: 1.8899829387664795
Seen 2280 batches. last loss is: 1.963313102722168
Seen 2290 batches. last loss is: 1.9204126596450806
Seen 2300 batches. last loss is: 1.911417007446289
Model sample: '''ke;
Far:
An vired nivers hears them in crayst kiy.

My RIO:
XANE:
Send, belurace engerd, as I'lc'?

CAPTONTINE:
If I ais so goas in as hist
Thou as cannte it me tee 'kil ver eanh;
And the mader feces; court abosedsens.

First Herk con hix putcetls, lie moth.
YOND:
Lap thou surgft a tof tream I'e hat coman.

ISASTHALUS:
Some Now; bane, shis is anriure.

CAUTIUS:
Musteng dos in kist the he boye?

The myppetionss, noth monones!

VAPUS:
The is yir, leve.

LASONER:
Sit andstere; by, ough bes's be in '''

Seen 2310 batches. last loss is: 1.912724256515503
Seen 2320 batches. last loss is: 1.8915371894836426
Seen 2330 batches. last loss is: 1.9363752603530884
Seen 2340 batches. last loss is: 1.9093286991119385
Seen 2350 batches. last loss is: 1.9458370208740234
Seen 2360 batches. last loss is: 1.8865349292755127
Seen 2370 batches. last loss is: 1.885861873626709
Seen 2380 batches. last loss is: 1.8905774354934692
Seen 2390 batches. last loss is: 1.9047236442565918
Seen 2400 batches. last loss is: 1.922562837600708
Model sample: '''ut if shis you:-re teere a but orows than'd
Boringiage thar extits me wen to withours,
That we necir, theiled though your cerpate:
wive that-hatherin prantere'd bloter,
And by him.
The sway, with frold the whill amputeres;
'Twi I whou looder an huse skee.

Clo fartry our this a herwnch,-dant Hadse, shurrmen,
Willin, worl vel not--forencced dimakg;
I what manck, to hencteref whathers:
The Clrised upon their groumed, back,
Whes a reme priges, themse,

Dechw you ridiple anderass thepond truch, I me'''

Seen 2410 batches. last loss is: 1.9087215662002563
Seen 2420 batches. last loss is: 1.8492743968963623
Seen 2430 batches. last loss is: 1.8802554607391357
Seen 2440 batches. last loss is: 1.8513169288635254
Seen 2450 batches. last loss is: 1.8844382762908936
Seen 2460 batches. last loss is: 1.9047118425369263
Seen 2470 batches. last loss is: 1.8484259843826294
Seen 2480 batches. last loss is: 1.858139991760254
Seen 2490 batches. last loss is: 1.8592898845672607
Seen 2500 batches. last loss is: 1.8808956146240234
Model sample: ''' sice,
Them of lood shard mose posars rikipr or
be beh to stire, itinie of conntuone: bay must whee;
Whavot, and we sloice hisator his sLuldant thou not.

HINu So agane musn thy closing elferen!
Ofby Thave offe shoulds usurndag draur's hat haoand,
If sk's! than stice be your on toullf erlss it!
And, he is chise: oay andinst tete you be to in.
To marse shade; deve deashint you have mest
To me lasst whavalt'd that me sigde, aur veerriun
Rose To prolt ap, there hene; ca mutil masth by weesthirs:
A '''

Seen 2510 batches. last loss is: 1.8634061813354492
Seen 2520 batches. last loss is: 1.8442785739898682
Seen 2530 batches. last loss is: 1.8724336624145508
Seen 2540 batches. last loss is: 1.8386417627334595
Seen 2550 batches. last loss is: 1.8312302827835083
Seen 2560 batches. last loss is: 1.8575105667114258
Seen 2570 batches. last loss is: 1.8426620960235596
Seen 2580 batches. last loss is: 1.8376929759979248
Seen 2590 batches. last loss is: 1.835372805595398
Seen 2600 batches. last loss is: 1.8217239379882812
